1123
0 167 267
1 301 283
2 238 470
3 446 264
4 224 91
5 291 249
6 447 454
7 391 278
8 246 210
9 404 540
10 344 525
11 356 0
12 412 264
13 171 304
14 490 202
15 337 315
16 500 192
17 452 411
18 212 550
19 474 183
20 193 181
21 315 130
22 406 515
23 502 128
24 0 440
25 671 392
26 381 504
27 346 208
28 452 208
29 154 106
30 273 508
31 235 324
32 302 139
33 473 135
34 509 289
35 249 222
36 63 402
37 411 459
38 226 67
39 192 171
40 414 264
41 457 241
42 244 207
43 495 144
44 435 190
45 420 277
46 341 313
47 314 321
48 552 387
49 417 497
50 252 281
51 158 345
52 455 161
53 139 438
54 371 409
55 380 329
56 110 50
57 280 473
58 213 255
59 243 202
60 352 119
61 198 263
62 335 310
63 168 102
64 166 283
65 275 341
66 449 485
67 236 216
68 308 288
69 425 283
70 301 280
71 229 93
72 316 320
73 369 440
74 473 247
75 98 497
76 161 543
77 307 387
78 427 402
79 573 309
80 363 453
81 387 302
82 482 286
83 351 99
84 401 301
85 305 283
86 281 181
87 129 319
88 450 42
89 309 217
90 424 264
91 502 250
92 124 237
93 406 373
94 382 268
95 316 347
96 465 254
97 441 462
98 175 68
99 368 309
100 305 498
101 275 63
102 302 291
103 311 297
104 400 475
105 147 327
106 395 361
107 152 291
108 393 291
109 358 365
110 330 301
111 386 498
112 114 281
113 314 137
114 276 178
115 307 85
116 211 406
117 510 293
118 331 91
119 373 337
120 307 95
121 99 384
122 445 0
123 376 613
124 506 158
125 319 278
126 92 401
127 416 534
128 189 221
129 312 200
130 165 179
131 248 351
132 461 179
133 262 380
134 445 392
135 435 193
136 337 484
137 353 54
138 372 291
139 629 604
140 476 250
141 467 261
142 475 0
143 199 447
144 253 378
145 484 56
146 521 196
147 470 283
148 122 393
149 476 475
150 368 374
151 307 316
152 419 470
153 259 232
154 341 202
155 258 226
156 174 324
157 367 348
158 407 298
159 285 106
160 488 198
161 359 55
162 420 305
163 307 318
164 231 224
165 331 311
166 268 432
167 304 293
168 464 490
169 505 401
170 488 394
171 335 285
172 304 349
173 290 559
174 292 313
175 472 323
176 191 532
177 269 466
178 215 0
179 207 502
180 482 302
181 373 380
182 300 222
183 211 207
184 86 292
185 190 344
186 395 261
187 274 382
188 312 316
189 270 506
190 410 401
191 503 205
192 561 404
193 187 449
194 273 471
195 116 87
196 140 316
197 368 354
198 304 112
199 205 242
200 163 147
201 562 184
202 276 494
203 381 275
204 228 213
205 233 351
206 338 90
207 331 99
208 156 161
209 223 344
210 0 573
211 626 276
212 252 11
213 498 133
214 184 269
215 234 355
216 398 248
217 297 218
218 462 125
219 404 380
220 340 292
221 318 307
222 233 0
223 350 239
224 323 287
225 293 396
226 557 312
227 377 485
228 226 98
229 164 412
230 167 251
231 540 186
232 241 455
233 336 0
234 456 417
235 310 306
236 370 358
237 399 271
238 390 287
239 456 129
240 375 412
241 569 256
242 0 151
243 392 413
244 245 212
245 228 209
246 325 269
247 150 610
248 357 417
249 378 137
250 328 70
251 305 54
252 242 678
253 453 286
254 461 466
255 506 383
256 379 337
257 160 180
258 381 368
259 403 39
260 517 284
261 460 124
262 485 270
263 357 366
264 307 279
265 387 471
266 565 392
267 411 277
268 382 372
269 321 281
270 404 361
271 632 145
272 263 517
273 363 225
274 471 483
275 308 277
276 384 259
277 418 262
278 106 50
279 165 278
280 323 320
281 240 202
282 328 129
283 341 300
284 497 198
285 408 366
286 320 315
287 275 199
288 491 231
289 326 301
290 189 249
291 376 286
292 341 288
293 449 177
294 327 293
295 0 429
296 306 288
297 204 88
298 145 319
299 594 272
300 218 297
301 65 172
302 236 446
303 392 461
304 223 199
305 341 253
306 357 390
307 283 462
308 363 186
309 400 480
310 418 435
311 466 509
312 386 576
313 128 134
314 444 188
315 227 462
316 202 316
317 462 205
318 398 375
319 74 46
320 190 478
321 318 344
322 267 419
323 204 235
324 296 207
325 355 353
326 497 416
327 302 293
328 474 201
329 572 469
330 412 208
331 493 410
332 410 294
333 598 331
334 390 247
335 264 481
336 376 304
337 505 314
338 291 314
339 87 327
340 323 306
341 557 376
342 379 396
343 336 302
344 468 136
345 205 292
346 280 310
347 415 240
348 0 453
349 318 283
350 350 315
351 287 489
352 169 70
353 252 165
354 125 305
355 288 513
356 693 465
357 302 314
358 190 458
359 298 39
360 463 282
361 384 271
362 241 109
363 328 300
364 166 163
365 313 292
366 273 475
367 338 301
368 344 294
369 42 509
370 417 403
371 273 527
372 433 541
373 203 174
374 221 478
375 398 367
376 90 313
377 449 269
378 279 319
379 108 320
380 56 415
381 410 45
382 40 86
383 527 135
384 321 289
385 388 458
386 259 449
387 417 364
388 396 259
389 557 306
390 510 201
391 495 381
392 501 184
393 413 294
394 146 113
395 514 416
396 690 72
397 309 145
398 320 262
399 360 383
400 359 391
401 427 484
402 381 471
403 447 250
404 116 285
405 0 584
406 426 0
407 411 357
408 313 159
409 329 320
410 373 354
411 215 185
412 305 120
413 138 161
414 344 313
415 153 209
416 503 273
417 37 310
418 198 101
419 323 279
420 381 263
421 169 185
422 201 530
423 371 378
424 332 296
425 315 313
426 479 212
427 495 405
428 150 431
429 495 208
430 328 416
431 186 429
432 480 182
433 391 265
434 231 59
435 93 64
436 190 147
437 470 280
438 460 28
439 259 153
440 335 111
441 443 243
442 580 381
443 336 294
444 326 350
445 365 397
446 379 17
447 297 70
448 192 262
449 235 208
450 408 363
451 108 342
452 241 101
453 398 293
454 468 293
455 402 297
456 413 210
457 385 263
458 339 282
459 199 216
460 367 473
461 128 397
462 210 464
463 396 257
464 165 282
465 515 257
466 401 380
467 423 398
468 274 353
469 452 385
470 463 333
471 565 388
472 458 304
473 355 375
474 364 365
475 500 383
476 390 431
477 280 381
478 214 347
479 188 417
480 60 250
481 240 464
482 427 634
483 39 243
484 134 264
485 358 402
486 311 0
487 44 142
488 120 84
489 124 524
490 322 103
491 97 286
492 81 171
493 1087 884
494 1169 825
495 955 730
496 828 865
497 948 615
498 834 846
499 1097 623
500 979 894
501 684 482
502 982 651
503 984 833
504 1012 981
505 949 763
506 891 957
507 1013 766
508 1002 839
509 1137 998
510 1071 958
511 981 735
512 1080 872
513 943 832
514 944 800
515 1040 814
516 1153 730
517 978 982
518 990 798
519 727 505
520 833 811
521 771 798
522 696 1021
523 1102 927
524 1036 748
525 772 700
526 933 402
527 862 949
528 865 980
529 1043 801
530 895 864
531 1117 848
532 816 803
533 820 774
534 864 968
535 958 830
536 1037 837
537 1018 955
538 919 895
539 997 631
540 1109 868
541 986 707
542 1199 695
543 996 798
544 974 458
545 1118 951
546 867 1006
547 949 827
548 960 794
549 869 1050
550 880 1014
551 1069 880
552 1089 805
553 994 806
554 1087 753
555 1011 690
556 998 790
557 951 827
558 981 801
559 962 943
560 1089 855
561 972 818
562 1044 716
563 1121 898
564 708 598
565 1168 951
566 987 979
567 1104 939
568 1078 848
569 667 713
570 885 920
571 997 736
572 1127 879
573 1132 718
574 729 1059
575 1090 890
576 717 710
577 1185 726
578 961 850
579 970 855
580 822 809
581 661 704
582 998 835
583 903 1033
584 1013 833
585 898 879
586 982 851
587 1155 805
588 883 919
589 1036 812
590 771 783
591 914 916
592 1084 853
593 834 785
594 857 958
595 994 911
596 978 817
597 1033 711
598 990 1159
599 1009 833
600 626 876
601 1123 872
602 975 836
603 879 787
604 894 912
605 1044 848
606 1102 885
607 991 705
608 857 769
609 1021 733
610 1033 1035
611 968 589
612 886 796
613 1006 954
614 1037 1093
615 936 650
616 1118 685
617 1075 781
618 805 858
619 907 1061
620 1108 937
621 983 963
622 1010 715
623 831 803
624 1105 897
625 971 923
626 1018 733
627 1017 907
628 948 840
629 1114 812
630 963 989
631 880 732
632 896 884
633 1149 713
634 991 984
635 985 861
636 950 792
637 1088 881
638 1094 945
639 751 548
640 1035 804
641 858 767
642 911 904
643 770 818
644 1024 564
645 953 814
646 812 1006
647 794 851
648 1119 865
649 982 788
650 1140 768
651 953 691
652 807 1067
653 987 848
654 1130 904
655 1073 984
656 1014 839
657 964 856
658 1086 881
659 1151 759
660 1091 844
661 883 1009
662 998 1009
663 988 952
664 1119 844
665 732 953
666 950 707
667 1093 849
668 908 974
669 957 843
670 1007 827
671 1199 907
672 947 816
673 845 601
674 943 820
675 1182 944
676 1174 778
677 995 746
678 1022 1063
679 910 966
680 781 816
681 1199 771
682 766 1102
683 1036 598
684 836 863
685 893 891
686 765 1078
687 1034 818
688 979 1159
689 798 805
690 1198 1064
691 977 765
692 982 684
693 1074 615
694 861 667
695 971 758
696 1050 802
697 934 914
698 1004 795
699 1047 943
700 945 706
701 988 905
702 802 776
703 935 735
704 887 962
705 1114 615
706 1000 811
707 800 864
708 1090 966
709 892 862
710 927 643
711 973 988
712 1090 869
713 869 860
714 856 1048
715 987 836
716 934 729
717 1010 832
718 1114 928
719 1080 932
720 930 1132
721 1155 776
722 824 834
723 1102 935
724 997 598
725 1163 813
726 795 547
727 953 801
728 1046 781
729 940 991
730 986 947
731 1102 922
732 823 800
733 941 869
734 1006 988
735 1012 754
736 993 841
737 926 661
738 928 726
739 1177 773
740 1030 755
741 994 820
742 974 946
743 975 939
744 953 1057
745 1012 783
746 761 639
747 962 807
748 985 818
749 1011 986
750 1198 665
751 858 874
752 1199 772
753 981 847
754 997 798
755 979 798
756 1040 813
757 1006 965
758 972 839
759 973 952
760 973 993
761 974 622
762 983 943
763 1125 1116
764 769 681
765 982 747
766 768 801
767 935 774
768 878 895
769 1078 938
770 1107 364
771 825 943
772 890 990
773 945 665
774 1101 1111
775 809 844
776 774 868
777 1008 820
778 1199 950
779 1115 837
780 800 1010
781 994 816
782 995 813
783 980 678
784 819 748
785 937 873
786 903 1032
787 1146 712
788 1008 829
789 1137 771
790 709 705
791 931 758
792 875 941
793 1056 702
794 1048 826
795 979 973
796 900 683
797 1150 665
798 986 667
799 905 909
800 945 852
801 1033 1046
802 978 788
803 1111 944
804 1115 648
805 1167 679
806 953 797
807 970 815
808 1071 568
809 1199 605
810 1010 853
811 933 506
812 1183 510
813 819 852
814 922 1010
815 825 830
816 867 790
817 820 926
818 962 819
819 1008 960
820 1016 966
821 866 970
822 962 654
823 965 846
824 860 826
825 1056 805
826 1125 858
827 898 852
828 875 863
829 1021 871
830 912 698
831 959 870
832 950 659
833 1008 802
834 1014 945
835 698 677
836 1199 606
837 982 829
838 912 875
839 837 953
840 823 817
841 993 963
842 830 761
843 879 808
844 986 851
845 917 709
846 1099 950
847 1103 855
848 967 841
849 1088 873
850 840 904
851 978 811
852 988 790
853 688 682
854 1035 821
855 936 784
856 839 878
857 1126 590
858 839 734
859 893 814
860 962 987
861 880 885
862 946 989
863 797 808
864 1159 760
865 950 805
866 906 680
867 1117 892
868 999 531
869 955 821
870 1094 746
871 1087 874
872 994 833
873 889 916
874 849 803
875 797 1050
876 1092 370
877 799 867
878 735 670
879 952 845
880 946 811
881 953 653
882 987 888
883 990 1049
884 959 766
885 992 953
886 1118 928
887 989 634
888 1009 882
889 970 943
890 1044 823
891 1198 1013
892 943 845
893 975 977
894 1137 721
895 999 787
896 1056 807
897 1109 934
898 999 988
899 880 909
900 1084 864
901 810 863
902 884 911
903 902 722
904 975 796
905 845 890
906 1127 1034
907 984 851
908 992 806
909 943 518
910 1110 846
911 1054 820
912 1008 844
913 1151 601
914 903 890
915 967 837
916 805 918
917 964 611
918 1010 793
919 1061 753
920 1161 744
921 912 753
922 994 797
923 963 950
924 992 824
925 962 802
926 990 818
927 806 900
928 817 868
929 911 922
930 696 1090
931 1085 906
932 1153 715
933 1166 648
934 812 846
935 1199 713
936 957 805
937 1077 826
938 939 651
939 819 1017
940 1109 897
941 1094 852
942 1146 741
943 836 763
944 1082 895
945 1090 844
946 979 818
947 1041 1143
948 967 834
949 1005 804
950 889 894
951 903 893
952 1000 972
953 900 727
954 1131 757
955 971 794
956 1199 756
957 1043 817
958 1021 870
959 992 959
960 973 818
961 958 971
962 1035 524
963 1006 850
964 1116 942
965 984 982
966 961 814
967 969 852
968 945 788
969 730 855
970 895 648
971 1127 824
972 773 836
973 1108 934
974 976 823
975 974 795
976 1068 776
977 875 850
978 704 905
979 850 984
980 914 912
981 947 705
982 805 1088
983 1009 997
984 977 802
985 973 829
986 1060 941
987 973 846
988 982 981
989 814 1001
990 685 954
991 950 810
992 1083 960
993 1199 848
994 1124 799
995 846 912
996 1062 863
997 1093 929
998 988 828
999 859 680
1000 1010 811
1001 938 761
1002 1199 749
1003 1004 969
1004 760 746
1005 934 847
1006 915 340
1007 890 479
1008 984 406
1009 852 443
1010 845 428
1011 1117 645
1012 969 432
1013 970 498
1014 949 395
1015 1000 332
1016 962 423
1017 863 346
1018 1015 468
1019 976 403
1020 963 392
1021 852 556
1022 979 386
1023 1105 631
1024 1199 396
1025 825 591
1026 1043 409
1027 1035 423
1028 1192 342
1029 1013 459
1030 961 481
1031 984 491
1032 934 418
1033 974 656
1034 1020 420
1035 1046 393
1036 1040 492
1037 1199 459
1038 861 448
1039 1106 418
1040 1002 451
1041 1084 344
1042 989 496
1043 804 438
1044 863 490
1045 865 484
1046 981 477
1047 932 447
1048 951 373
1049 968 417
1050 844 463
1051 1040 468
1052 940 469
1053 972 422
1054 932 381
1055 1029 397
1056 1006 407
1057 847 559
1058 1015 487
1059 1039 489
1060 965 464
1061 940 395
1062 980 633
1063 792 333
1064 855 466
1065 1037 380
1066 1031 491
1067 933 396
1068 1030 436
1069 998 389
1070 930 401
1071 1176 463
1072 959 466
1073 980 386
1074 1036 443
1075 965 394
1076 998 435
1077 963 522
1078 990 488
1079 1037 454
1080 1030 456
1081 958 651
1082 972 408
1083 1100 543
1084 982 369
1085 1039 678
1086 941 399
1087 972 608
1088 874 341
1089 855 494
1090 1042 575
1091 856 451
1092 980 473
1093 994 454
1094 943 388
1095 836 377
1096 967 487
1097 1024 387
1098 951 402
1099 909 597
1100 965 398
1101 1008 465
1102 1007 487
1103 999 355
1104 1046 472
1105 859 445
1106 1027 421
1107 1011 468
1108 1043 91
1109 1028 474
1110 968 431
1111 856 422
1112 852 349
1113 1018 465
1114 956 416
1115 963 471
1116 942 491
1117 967 439
1118 1189 462
1119 838 491
1120 1040 400
1121 956 378
1122 891 639
