6257
0 1329 487
1 1173 1323
2 1291 345
3 1649 724
4 1721 376
5 1776 552
6 579 655
7 660 39
8 983 1101
9 1339 1067
10 1966 113
11 290 1809
12 1135 166
13 359 1606
14 1221 491
15 1661 1407
16 512 708
17 606 1141
18 875 1031
19 1218 570
20 496 80
21 1843 1742
22 804 123
23 1350 353
24 1643 191
25 1722 941
26 374 1806
27 488 19
28 752 438
29 303 167
30 33 87
31 1245 294
32 826 489
33 745 698
34 1340 491
35 807 777
36 274 1092
37 1265 1114
38 1139 976
39 1155 696
40 520 324
41 1305 1362
42 218 1855
43 764 1028
44 1999 1653
45 935 601
46 794 857
47 1736 356
48 1954 1820
49 315 1768
50 370 182
51 921 1008
52 1748 174
53 1687 1134
54 460 1458
55 1595 648
56 358 195
57 1574 442
58 983 1218
59 1386 656
60 297 1733
61 1289 349
62 918 387
63 275 1763
64 999 1174
65 1263 1085
66 556 82
67 547 1882
68 379 6
69 130 170
70 1431 499
71 516 1261
72 471 1585
73 1715 1658
74 1165 869
75 1677 1498
76 1545 83
77 1286 252
78 622 1893
79 1061 1466
80 1156 259
81 1177 509
82 1157 1051
83 1874 1145
84 1840 451
85 1106 873
86 1235 986
87 1630 414
88 1756 1870
89 1381 1528
90 351 582
91 1509 774
92 1593 1180
93 1191 949
94 244 1278
95 981 773
96 1164 1095
97 1029 625
98 1243 1077
99 366 178
100 97 37
101 580 1209
102 336 245
103 1641 1428
104 983 723
105 1102 1027
106 575 227
107 555 1135
108 544 255
109 1113 1008
110 1307 1201
111 1040 415
112 1142 960
113 1355 813
114 1751 1593
115 1881 301
116 659 37
117 328 402
118 1301 1013
119 831 688
120 1784 522
121 1039 933
122 544 1391
123 288 1788
124 1006 333
125 1422 1484
126 1532 1252
127 1913 1698
128 667 327
129 1062 591
130 1416 583
131 46 171
132 381 1821
133 259 25
134 1281 982
135 1864 1551
136 933 453
137 1465 1662
138 1917 1632
139 249 483
140 330 1735
141 666 1549
142 477 1195
143 989 108
144 1818 1472
145 378 1320
146 1713 1546
147 1918 429
148 292 1728
149 996 422
150 925 1244
151 228 126
152 1440 1782
153 1841 244
154 1098 523
155 1035 906
156 1138 658
157 1015 1317
158 1213 1037
159 996 562
160 1563 1506
161 1964 1873
162 759 1152
163 900 1250
164 27 1485
165 1390 1324
166 1082 1116
167 1603 1844
168 1468 1493
169 1192 621
170 683 492
171 1065 713
172 1681 428
173 181 1844
174 1509 75
175 1188 1116
176 1382 1468
177 430 1835
178 1640 1300
179 1082 870
180 1958 895
181 1454 642
182 240 1874
183 1338 1290
184 1142 968
185 1094 738
186 1574 1370
187 1043 1058
188 756 1130
189 297 1948
190 365 49
191 1943 1386
192 552 1012
193 1385 1309
194 441 1257
195 1424 469
196 1435 498
197 1391 789
198 574 1786
199 1315 1379
200 1791 449
201 643 1590
202 660 1145
203 1187 1312
204 1380 313
205 1792 1187
206 1517 487
207 546 190
208 167 1740
209 1906 407
210 495 1961
211 1843 1735
212 783 856
213 676 1045
214 1268 1130
215 203 1799
216 1997 1238
217 271 362
218 1053 1278
219 424 1081
220 1684 685
221 1074 1163
222 660 859
223 1442 1928
224 976 33
225 949 1037
226 1853 1345
227 1544 1629
228 1451 472
229 1449 183
230 165 1552
231 1278 272
232 1610 376
233 1115 1229
234 1755 663
235 430 1091
236 55 1731
237 1283 1067
238 1698 381
239 1083 1177
240 876 1177
241 1727 1350
242 481 1400
243 397 1589
244 1020 688
245 1440 1006
246 1865 1358
247 1041 992
248 1902 1319
249 896 1579
250 888 538
251 872 509
252 1627 1699
253 1532 548
254 1893 747
255 1584 86
256 1776 380
257 1330 843
258 1051 1500
259 635 999
260 1731 157
261 531 152
262 339 24
263 1588 1712
264 860 998
265 1074 1181
266 173 1874
267 411 919
268 1323 802
269 754 1139
270 215 1472
271 1001 1460
272 603 36
273 1462 1344
274 1768 517
275 103 1923
276 1712 662
277 1008 1470
278 715 952
279 1856 1581
280 1269 827
281 1031 412
282 321 266
283 1445 1269
284 332 215
285 1556 1789
286 703 1735
287 547 1674
288 916 760
289 1764 1624
290 790 910
291 890 1253
292 1634 300
293 1463 92
294 1019 81
295 1840 1734
296 82 112
297 1709 1710
298 1424 482
299 988 759
300 1384 826
301 1208 1179
302 1036 1149
303 894 1244
304 1200 654
305 444 428
306 1641 1195
307 1468 232
308 1995 1722
309 1812 547
310 45 1865
311 171 20
312 803 749
313 601 1046
314 1802 1412
315 229 201
316 1544 1390
317 1808 1571
318 636 299
319 1231 331
320 1159 1028
321 1585 550
322 345 117
323 1006 1101
324 281 1745
325 1267 1235
326 287 124
327 1615 919
328 1673 220
329 1623 1809
330 1793 1737
331 1270 798
332 321 714
333 1753 1815
334 793 102
335 366 126
336 562 1767
337 864 586
338 927 661
339 1032 1024
340 1088 205
341 855 590
342 1912 237
343 1193 1183
344 972 842
345 466 447
346 446 179
347 1094 1061
348 1376 1256
349 233 34
350 605 269
351 726 1287
352 1307 126
353 1161 1022
354 868 925
355 398 1893
356 1361 576
357 1677 433
358 941 1229
359 1870 697
360 385 1512
361 634 1303
362 690 1109
363 1893 465
364 1370 1228
365 1822 534
366 397 1329
367 1593 204
368 1612 1313
369 1568 627
370 1232 642
371 435 1526
372 1018 1080
373 1476 1740
374 1562 490
375 1440 1569
376 1480 890
377 1951 1682
378 696 437
379 1204 328
380 1127 634
381 1739 1246
382 1854 1631
383 1178 962
384 1155 624
385 1147 875
386 917 780
387 1941 1611
388 1936 1645
389 1427 637
390 1890 1648
391 1035 1230
392 1635 218
393 1162 585
394 454 1362
395 1605 876
396 1234 562
397 1987 1209
398 1914 1896
399 1801 1371
400 208 1607
401 1276 107
402 1292 1126
403 1429 1705
404 621 1337
405 1305 1278
406 1951 46
407 251 1687
408 707 588
409 314 1555
410 1619 106
411 649 195
412 1194 1225
413 1792 565
414 112 1938
415 1346 1369
416 774 977
417 1065 567
418 1964 649
419 1485 284
420 1704 1411
421 1709 284
422 1529 733
423 951 908
424 1123 1269
425 1729 1687
426 946 730
427 1471 149
428 479 97
429 361 438
430 1726 1308
431 1576 248
432 724 158
433 791 1104
434 1316 834
435 438 325
436 1533 1621
437 1272 506
438 1339 1457
439 1625 164
440 140 91
441 651 824
442 1422 1113
443 1163 419
444 1665 718
445 782 583
446 349 1196
447 617 474
448 914 113
449 287 1605
450 732 29
451 1839 744
452 1122 527
453 1726 799
454 405 82
455 377 1899
456 1784 348
457 1148 1384
458 1981 1572
459 396 84
460 300 285
461 1683 56
462 883 961
463 113 448
464 1109 1245
465 1138 1252
466 703 1279
467 1320 1012
468 1261 533
469 351 953
470 768 901
471 1366 1021
472 1164 1299
473 1208 683
474 1772 4
475 1193 614
476 628 90
477 1047 831
478 320 1581
479 1777 256
480 594 629
481 973 793
482 1914 1898
483 1614 675
484 321 1701
485 947 633
486 1802 273
487 568 815
488 285 1917
489 968 246
490 1437 536
491 1589 528
492 364 70
493 1802 1869
494 1896 720
495 359 1480
496 185 1870
497 136 122
498 80 121
499 751 1446
500 158 186
501 1727 1793
502 1202 984
503 1246 1078
504 668 1286
505 709 1336
506 511 1117
507 1393 640
508 1056 534
509 1489 1354
510 1870 1506
511 1203 359
512 1804 1674
513 1228 232
514 1468 1771
515 57 241
516 1574 277
517 789 895
518 1784 1485
519 206 1726
520 1070 1210
521 1468 158
522 1755 1787
523 981 1037
524 359 1764
525 427 244
526 1388 411
527 209 1934
528 380 438
529 1607 704
530 374 1568
531 157 1723
532 193 179
533 1173 614
534 1258 132
535 1802 1556
536 1441 521
537 841 1306
538 455 1167
539 1674 1619
540 257 1815
541 531 428
542 915 936
543 684 1419
544 174 1666
545 1986 1125
546 1016 841
547 1887 853
548 981 1343
549 1791 661
550 307 77
551 422 200
552 710 590
553 1684 1249
554 461 38
555 525 1353
556 478 1874
557 1389 987
558 586 259
559 1330 975
560 702 674
561 1575 620
562 1507 1946
563 1790 1863
564 1834 370
565 1064 445
566 1516 68
567 1085 288
568 1188 1314
569 1493 1149
570 883 725
571 1367 300
572 882 1130
573 1223 199
574 610 1856
575 1446 517
576 1258 446
577 665 827
578 100 1494
579 391 43
580 597 1624
581 711 902
582 1208 945
583 1694 342
584 106 1534
585 174 1587
586 1194 586
587 1025 1241
588 1026 960
589 384 666
590 858 1055
591 546 126
592 636 230
593 869 1217
594 213 1739
595 1701 1034
596 1492 147
597 1916 306
598 418 66
599 1392 869
600 733 106
601 1440 354
602 1786 1679
603 1624 492
604 1166 919
605 34 1872
606 1516 209
607 245 1748
608 1261 383
609 1176 1132
610 1417 1295
611 1102 1486
612 299 261
613 639 1227
614 1115 778
615 1523 615
616 1488 1078
617 1781 1945
618 1754 1689
619 1774 346
620 298 73
621 1309 657
622 607 1650
623 1810 135
624 1402 966
625 1382 1254
626 1670 515
627 1902 481
628 1238 1236
629 1688 1722
630 361 314
631 1487 1692
632 1455 1541
633 1672 23
634 874 1059
635 1573 448
636 897 98
637 522 1975
638 862 1395
639 1098 661
640 1156 655
641 1542 1032
642 526 301
643 195 1978
644 101 183
645 1646 1841
646 456 1629
647 1296 623
648 172 346
649 1849 1512
650 1596 194
651 1539 618
652 1425 957
653 217 1683
654 1617 1036
655 1317 1049
656 1152 918
657 1718 678
658 1711 316
659 1636 76
660 440 468
661 1886 1546
662 904 1341
663 1527 109
664 316 169
665 1675 1555
666 1540 228
667 943 101
668 1930 1978
669 1069 848
670 104 1858
671 926 570
672 1849 1089
673 1324 1286
674 1886 1542
675 1010 644
676 1683 1954
677 826 1124
678 1155 47
679 562 318
680 780 1324
681 1820 1148
682 430 1509
683 1903 135
684 1435 847
685 1499 554
686 65 41
687 215 1456
688 1483 1051
689 1739 1690
690 1001 1189
691 827 1181
692 1745 53
693 1583 364
694 1462 1113
695 1982 1591
696 93 521
697 1979 973
698 1726 322
699 1188 1200
700 531 350
701 1229 959
702 313 56
703 368 1081
704 1838 1983
705 1623 692
706 1485 351
707 359 286
708 293 1128
709 1520 965
710 1063 640
711 688 357
712 1181 1094
713 537 100
714 1207 30
715 1200 546
716 1878 230
717 1533 232
718 1630 62
719 425 126
720 1071 1177
721 1797 1573
722 23 1937
723 1666 315
724 1244 372
725 1293 1165
726 1605 110
727 36 1844
728 1864 247
729 478 333
730 1744 1671
731 238 142
732 825 817
733 1794 281
734 169 1683
735 1908 390
736 921 587
737 650 1677
738 381 204
739 566 55
740 1219 451
741 1542 1347
742 1039 864
743 636 88
744 1342 970
745 1846 1590
746 1644 418
747 837 974
748 417 1276
749 1929 610
750 946 1508
751 610 13
752 1380 945
753 463 1856
754 368 95
755 661 1108
756 616 1356
757 989 1078
758 979 306
759 1744 1615
760 464 1345
761 1101 770
762 1731 785
763 1418 1653
764 762 952
765 1051 210
766 617 1256
767 373 1576
768 320 104
769 1388 804
770 1914 1554
771 1888 492
772 1686 1535
773 1934 1813
774 1114 1005
775 1422 494
776 1255 465
777 1218 1133
778 1318 1028
779 459 1070
780 1556 151
781 914 832
782 1647 472
783 740 264
784 1467 1103
785 578 1063
786 669 1094
787 1486 99
788 1875 1015
789 826 258
790 1113 1422
791 559 1812
792 946 690
793 1366 1219
794 739 301
795 607 1439
796 1328 1223
797 192 207
798 135 1886
799 1282 815
800 1700 865
801 1543 883
802 1543 924
803 979 843
804 634 114
805 138 1575
806 1039 994
807 1769 1445
808 1872 317
809 1352 976
810 362 27
811 1715 1785
812 152 1641
813 1955 456
814 1599 1192
815 1644 1163
816 1669 380
817 1376 113
818 546 313
819 1623 1431
820 1020 1271
821 63 1407
822 1765 1451
823 1662 1441
824 52 1908
825 686 810
826 786 778
827 1848 1240
828 1253 598
829 1752 1233
830 651 780
831 1853 1100
832 1662 514
833 976 845
834 1499 555
835 583 1696
836 1275 1095
837 664 1633
838 226 1081
839 1487 1414
840 1863 1974
841 1300 1020
842 317 1888
843 1167 903
844 741 275
845 185 378
846 1289 1116
847 1010 903
848 537 1449
849 475 1300
850 1486 290
851 1578 1132
852 1245 795
853 1902 332
854 1809 1505
855 1505 473
856 223 270
857 1680 434
858 288 38
859 529 26
860 698 235
861 1120 317
862 1624 377
863 303 738
864 477 279
865 332 695
866 469 721
867 688 812
868 425 279
869 1808 494
870 1482 876
871 281 1953
872 997 477
873 1899 1314
874 608 661
875 429 23
876 291 252
877 1626 488
878 1659 1160
879 1174 93
880 1212 859
881 974 556
882 709 1065
883 1940 1666
884 335 1545
885 1294 1468
886 236 661
887 1912 1695
888 744 447
889 1277 1381
890 1675 1825
891 361 588
892 1456 1513
893 570 1923
894 257 1567
895 680 759
896 1331 765
897 1376 174
898 687 1131
899 1171 972
900 927 790
901 1570 1053
902 1269 432
903 1584 237
904 653 596
905 1195 296
906 1571 1223
907 978 1021
908 1700 752
909 353 433
910 940 891
911 221 1865
912 1346 672
913 1422 628
914 1528 582
915 278 130
916 1773 491
917 216 1913
918 1468 1137
919 1750 1518
920 1842 871
921 591 512
922 971 1142
923 806 843
924 362 1803
925 1186 1328
926 551 1492
927 149 390
928 254 557
929 1437 1115
930 1344 168
931 1650 1179
932 1391 1070
933 1331 1201
934 1106 1271
935 1178 132
936 911 299
937 1382 1963
938 1080 875
939 1077 803
940 1304 205
941 372 1334
942 609 494
943 239 525
944 1769 1710
945 1701 1164
946 1580 743
947 1784 1161
948 151 1543
949 309 1794
950 928 1487
951 908 83
952 994 1139
953 1736 341
954 454 1580
955 832 1536
956 402 83
957 1545 1196
958 792 314
959 627 1445
960 970 263
961 852 260
962 1250 440
963 480 1883
964 653 497
965 1583 1988
966 288 1812
967 706 1329
968 1443 1233
969 1654 467
970 106 1603
971 56 1828
972 1532 336
973 9 71
974 1951 1394
975 1425 327
976 695 1056
977 1893 157
978 536 959
979 1881 1717
980 1456 244
981 374 1188
982 1603 1464
983 539 1920
984 1708 1659
985 1647 1886
986 1274 721
987 463 1251
988 259 1810
989 1818 541
990 1740 1987
991 210 1721
992 556 1624
993 1304 1462
994 1249 1268
995 335 1636
996 650 1194
997 1287 864
998 1549 1393
999 1434 1052
1000 698 353
1001 1624 300
1002 1569 772
1003 1126 482
1004 941 596
1005 1551 1648
1006 1426 1169
1007 1631 584
1008 1518 1187
1009 664 639
1010 875 1214
1011 1613 1405
1012 741 611
1013 660 959
1014 291 220
1015 683 307
1016 820 1166
1017 625 1575
1018 1328 1214
1019 818 704
1020 1124 631
1021 178 375
1022 1793 1233
1023 1398 1327
1024 1863 1612
1025 1132 1176
1026 1271 314
1027 1600 1246
1028 679 554
1029 1235 948
1030 408 209
1031 559 1282
1032 596 1532
1033 1924 981
1034 1185 596
1035 472 291
1036 1733 1226
1037 1809 1040
1038 1799 412
1039 1258 1252
1040 875 893
1041 419 154
1042 479 320
1043 253 93
1044 1239 168
1045 1365 385
1046 1915 1527
1047 1539 890
1048 1280 967
1049 704 1286
1050 628 310
1051 1737 481
1052 342 294
1053 1473 331
1054 307 448
1055 557 1218
1056 1390 322
1057 1383 1525
1058 1333 856
1059 1717 330
1060 1699 706
1061 534 330
1062 1816 678
1063 1541 1581
1064 883 1026
1065 422 247
1066 1420 1136
1067 1205 444
1068 1606 939
1069 153 168
1070 1294 805
1071 995 556
1072 198 168
1073 1361 1521
1074 701 506
1075 1345 1259
1076 1896 67
1077 256 240
1078 1925 422
1079 1213 1121
1080 1879 474
1081 673 1529
1082 1720 1159
1083 461 105
1084 606 1559
1085 937 777
1086 1106 460
1087 510 1896
1088 1809 405
1089 1840 609
1090 364 1638
1091 713 384
1092 1597 1270
1093 1716 1857
1094 1672 557
1095 606 277
1096 15 331
1097 1905 266
1098 985 1207
1099 1416 752
1100 1663 1520
1101 541 1054
1102 1360 478
1103 1336 479
1104 548 1345
1105 1699 532
1106 329 1030
1107 421 1216
1108 1681 321
1109 1794 1778
1110 1674 485
1111 515 95
1112 408 299
1113 708 284
1114 989 711
1115 1202 765
1116 1843 1616
1117 1874 825
1118 1086 616
1119 1129 1129
1120 314 365
1121 743 1560
1122 636 56
1123 446 1988
1124 1091 931
1125 1693 206
1126 714 161
1127 1877 1374
1128 1199 312
1129 525 200
1130 584 1923
1131 1445 1308
1132 831 901
1133 1819 1327
1134 199 94
1135 1727 1335
1136 395 119
1137 377 196
1138 1381 964
1139 1449 397
1140 988 88
1141 475 1404
1142 16 1767
1143 1875 1896
1144 628 200
1145 1343 218
1146 859 821
1147 1670 1698
1148 1694 1473
1149 943 195
1150 767 336
1151 1079 648
1152 1670 1309
1153 1775 243
1154 815 1003
1155 1163 202
1156 1637 427
1157 118 91
1158 1517 675
1159 1358 945
1160 688 82
1161 947 810
1162 530 46
1163 1668 258
1164 1844 587
1165 1378 411
1166 1368 1913
1167 1774 1352
1168 1349 1077
1169 242 1323
1170 824 223
1171 1077 1096
1172 1927 221
1173 1783 671
1174 1936 1780
1175 1072 936
1176 1423 337
1177 1637 1617
1178 905 424
1179 1215 620
1180 59 1716
1181 1233 320
1182 896 1167
1183 1257 475
1184 488 1727
1185 1831 1071
1186 1435 1234
1187 535 1065
1188 492 1074
1189 1434 935
1190 1877 802
1191 789 1307
1192 1605 1188
1193 689 36
1194 1073 706
1195 1170 830
1196 1367 1709
1197 1554 1223
1198 359 1912
1199 390 1626
1200 1500 1910
1201 898 609
1202 515 1654
1203 1555 1213
1204 1457 1318
1205 384 195
1206 579 10
1207 1570 662
1208 363 375
1209 1436 587
1210 1004 5
1211 1732 1681
1212 981 838
1213 710 1217
1214 1529 833
1215 536 1333
1216 506 1101
1217 342 337
1218 287 408
1219 33 198
1220 652 1177
1221 823 1213
1222 1771 372
1223 1943 1959
1224 1385 1160
1225 312 265
1226 1626 204
1227 415 1575
1228 1033 630
1229 1713 4
1230 335 1789
1231 1983 267
1232 1428 667
1233 1745 1164
1234 726 68
1235 519 1086
1236 1963 364
1237 1264 1165
1238 1012 257
1239 1796 1757
1240 218 1319
1241 1841 1593
1242 209 1956
1243 318 1666
1244 1240 335
1245 1686 1645
1246 290 426
1247 625 118
1248 149 127
1249 1775 996
1250 251 1960
1251 5 1854
1252 1612 1343
1253 1911 943
1254 642 1503
1255 1971 1711
1256 554 52
1257 1864 1774
1258 1455 1587
1259 1498 177
1260 1162 926
1261 1282 1218
1262 1398 1037
1263 317 1902
1264 448 126
1265 1447 479
1266 1171 881
1267 1643 732
1268 39 1978
1269 1051 1094
1270 95 1392
1271 734 923
1272 914 1453
1273 1705 1485
1274 346 1111
1275 992 845
1276 480 109
1277 724 127
1278 1471 982
1279 1665 1455
1280 759 179
1281 769 1495
1282 298 6
1283 1579 1784
1284 361 1708
1285 1478 483
1286 985 967
1287 97 539
1288 652 1055
1289 363 1447
1290 607 1391
1291 1357 553
1292 701 55
1293 1347 130
1294 1258 951
1295 772 13
1296 1896 405
1297 516 348
1298 287 22
1299 108 1618
1300 1322 589
1301 1576 347
1302 207 1814
1303 383 185
1304 640 1695
1305 352 1212
1306 1222 729
1307 194 213
1308 403 280
1309 1694 607
1310 370 1586
1311 1263 712
1312 1871 918
1313 1517 1618
1314 1726 347
1315 740 1311
1316 232 195
1317 265 1552
1318 1344 1511
1319 1501 861
1320 574 1620
1321 177 1527
1322 1948 1411
1323 709 955
1324 1637 1596
1325 1066 1269
1326 1818 1395
1327 961 770
1328 1502 1475
1329 1106 942
1330 1516 211
1331 643 1302
1332 1700 1515
1333 1292 994
1334 422 1774
1335 1626 1736
1336 1462 1807
1337 693 64
1338 790 1244
1339 200 485
1340 254 1302
1341 394 21
1342 1564 531
1343 486 27
1344 1037 1141
1345 1032 812
1346 1374 1273
1347 599 1260
1348 829 840
1349 1838 183
1350 478 1979
1351 1182 1171
1352 129 1916
1353 1001 1042
1354 1194 1024
1355 1648 1194
1356 1681 1332
1357 1370 79
1358 1616 1225
1359 924 960
1360 1515 1551
1361 1683 403
1362 667 1371
1363 1257 1201
1364 1808 1226
1365 1446 701
1366 1708 1253
1367 518 252
1368 1362 81
1369 553 1175
1370 1018 1189
1371 1512 1085
1372 1904 716
1373 425 116
1374 1012 1019
1375 1874 724
1376 1405 192
1377 1796 189
1378 1528 598
1379 1563 1428
1380 1643 1571
1381 1217 474
1382 619 1291
1383 559 1884
1384 50 1
1385 1712 1493
1386 1091 1174
1387 882 1029
1388 1383 804
1389 1051 1142
1390 1695 1028
1391 994 651
1392 712 981
1393 404 1156
1394 675 1182
1395 1999 1539
1396 285 264
1397 618 673
1398 766 1089
1399 1395 696
1400 1844 579
1401 812 1345
1402 463 1910
1403 1117 986
1404 1143 458
1405 1596 299
1406 908 75
1407 1943 1556
1408 167 1916
1409 1192 91
1410 1229 78
1411 316 482
1412 736 573
1413 529 404
1414 1654 101
1415 1449 659
1416 738 885
1417 1600 660
1418 854 319
1419 328 76
1420 1149 166
1421 1142 950
1422 991 845
1423 1649 1547
1424 1775 1321
1425 525 171
1426 1043 347
1427 860 988
1428 1343 648
1429 1082 352
1430 1637 1068
1431 996 1210
1432 1801 1574
1433 1304 1138
1434 408 1964
1435 385 370
1436 1836 644
1437 843 312
1438 322 199
1439 606 186
1440 1717 1729
1441 969 940
1442 685 361
1443 1827 524
1444 752 1080
1445 1655 121
1446 1139 759
1447 1654 1276
1448 599 1182
1449 954 1255
1450 906 450
1451 1327 805
1452 1420 692
1453 1455 744
1454 1609 1712
1455 1783 382
1456 1690 1614
1457 894 1470
1458 1256 740
1459 752 1179
1460 1331 1267
1461 1081 1374
1462 1408 1460
1463 1454 1408
1464 1038 534
1465 1436 1043
1466 1805 172
1467 1924 1809
1468 1833 1305
1469 1902 995
1470 181 1815
1471 430 1114
1472 880 313
1473 1760 86
1474 635 84
1475 522 1234
1476 647 201
1477 961 1091
1478 1757 470
1479 749 309
1480 1047 1200
1481 290 1242
1482 1847 1275
1483 1774 30
1484 792 1106
1485 1011 1107
1486 1429 559
1487 1288 798
1488 1032 1041
1489 206 1289
1490 1322 480
1491 439 94
1492 1460 376
1493 798 676
1494 314 1997
1495 666 406
1496 1445 411
1497 743 280
1498 906 717
1499 1026 1087
1500 1041 722
1501 1287 1199
1502 1110 1055
1503 1627 1416
1504 835 40
1505 147 1984
1506 1158 1059
1507 1326 365
1508 1712 129
1509 1252 869
1510 1599 1910
1511 1585 1769
1512 1520 416
1513 799 1204
1514 1391 699
1515 637 20
1516 1352 343
1517 1473 361
1518 311 1189
1519 1471 294
1520 1188 291
1521 1415 820
1522 1511 245
1523 84 1343
1524 903 827
1525 833 1109
1526 1643 320
1527 1358 923
1528 216 1292
1529 475 1860
1530 1728 339
1531 257 1766
1532 1256 871
1533 603 568
1534 1749 983
1535 1704 1180
1536 1621 548
1537 1312 356
1538 1643 579
1539 1701 429
1540 1774 471
1541 1074 24
1542 1166 980
1543 10 1846
1544 352 1778
1545 1247 1193
1546 1871 536
1547 1070 1154
1548 564 759
1549 1959 1027
1550 1047 1237
1551 1629 1694
1552 1374 657
1553 1352 1568
1554 867 1109
1555 1616 712
1556 1859 1483
1557 1298 1427
1558 1610 1615
1559 139 139
1560 681 37
1561 968 297
1562 715 1459
1563 520 1949
1564 1463 1072
1565 578 1278
1566 1799 491
1567 1155 1112
1568 1219 1066
1569 962 203
1570 1212 1334
1571 187 212
1572 233 1889
1573 823 1169
1574 1567 44
1575 1061 823
1576 1441 1237
1577 138 101
1578 433 1854
1579 1328 332
1580 976 1002
1581 1127 248
1582 1872 1950
1583 527 1924
1584 879 843
1585 1172 176
1586 1398 1685
1587 1808 0
1588 1518 118
1589 1667 1211
1590 1189 440
1591 1164 99
1592 1117 310
1593 1709 974
1594 1084 760
1595 1481 805
1596 1600 259
1597 271 1721
1598 1823 1879
1599 1348 750
1600 1751 1288
1601 1585 1051
1602 200 102
1603 1706 362
1604 1352 1166
1605 1459 799
1606 1730 1816
1607 166 1797
1608 1609 1354
1609 1529 624
1610 843 1235
1611 276 933
1612 1555 155
1613 1921 541
1614 1895 110
1615 695 129
1616 1107 194
1617 1605 636
1618 149 1916
1619 1321 286
1620 828 1514
1621 1418 194
1622 342 340
1623 174 1755
1624 440 1171
1625 218 1380
1626 907 467
1627 1824 1712
1628 717 429
1629 1478 717
1630 801 853
1631 945 228
1632 1505 462
1633 36 138
1634 1840 1767
1635 15 711
1636 302 243
1637 1486 444
1638 998 1115
1639 759 111
1640 453 1282
1641 1026 723
1642 728 830
1643 1981 1406
1644 737 11
1645 518 30
1646 1264 549
1647 648 1535
1648 801 1144
1649 1815 1828
1650 852 954
1651 159 279
1652 408 126
1653 1114 623
1654 1432 1254
1655 1495 297
1656 231 1884
1657 1786 312
1658 1771 1239
1659 576 1099
1660 952 1165
1661 1024 942
1662 271 1694
1663 241 1637
1664 654 66
1665 1915 1669
1666 643 1305
1667 1461 1148
1668 1863 1156
1669 1183 856
1670 1707 403
1671 1768 1806
1672 1028 986
1673 1280 216
1674 77 1779
1675 1814 625
1676 1847 1659
1677 1077 233
1678 398 259
1679 565 1573
1680 397 1789
1681 1018 1098
1682 599 1818
1683 1502 302
1684 1521 868
1685 1059 1521
1686 1764 469
1687 1126 389
1688 1736 565
1689 1565 1368
1690 232 1465
1691 1688 450
1692 1756 1814
1693 1126 435
1694 1804 365
1695 1163 874
1696 1370 684
1697 1752 1841
1698 1718 1696
1699 764 742
1700 573 1252
1701 291 1646
1702 1025 699
1703 1978 1027
1704 1728 1254
1705 1205 362
1706 1850 303
1707 1349 852
1708 1631 1886
1709 1721 1607
1710 828 232
1711 1640 74
1712 1229 1023
1713 391 1657
1714 1252 479
1715 878 1285
1716 767 177
1717 466 1715
1718 1106 1079
1719 1753 1301
1720 1435 1337
1721 636 1390
1722 1615 531
1723 1389 259
1724 1569 111
1725 1725 241
1726 865 1211
1727 398 1892
1728 951 974
1729 1507 905
1730 1619 887
1731 941 1072
1732 437 1611
1733 1256 324
1734 1647 459
1735 454 579
1736 1725 1418
1737 1653 310
1738 1422 947
1739 64 99
1740 756 963
1741 1217 573
1742 1039 496
1743 1911 1539
1744 1281 420
1745 512 207
1746 1960 510
1747 1287 1063
1748 899 1578
1749 253 106
1750 189 40
1751 446 2
1752 299 1763
1753 1603 104
1754 636 1582
1755 381 1356
1756 103 1268
1757 493 1938
1758 1337 1201
1759 920 334
1760 1217 133
1761 608 127
1762 930 511
1763 290 1350
1764 1724 1830
1765 1143 97
1766 446 422
1767 1093 1120
1768 1405 793
1769 1919 1941
1770 408 222
1771 842 472
1772 831 826
1773 1656 759
1774 1402 349
1775 1950 456
1776 1068 1089
1777 1477 871
1778 753 1740
1779 801 250
1780 369 1967
1781 1753 507
1782 267 1780
1783 751 164
1784 1605 693
1785 1079 935
1786 1848 232
1787 1661 1772
1788 1713 1120
1789 1935 1526
1790 1419 826
1791 1365 1012
1792 1184 615
1793 1869 1886
1794 591 1110
1795 765 456
1796 524 1614
1797 1240 259
1798 481 380
1799 1508 731
1800 1011 1125
1801 1838 1251
1802 1758 103
1803 1421 1053
1804 1372 1090
1805 1258 1124
1806 1539 30
1807 1506 230
1808 1184 428
1809 856 1069
1810 1620 84
1811 1978 206
1812 1642 1563
1813 1746 1591
1814 1455 462
1815 1024 938
1816 60 382
1817 831 32
1818 1528 622
1819 1766 560
1820 282 591
1821 442 176
1822 1657 576
1823 1578 281
1824 1674 1430
1825 282 1779
1826 956 409
1827 1369 1157
1828 519 488
1829 1894 1940
1830 224 1884
1831 1419 856
1832 1866 1386
1833 1406 1675
1834 1338 650
1835 378 1904
1836 1750 1722
1837 51 1730
1838 1700 812
1839 144 490
1840 1175 1281
1841 283 181
1842 1892 409
1843 1730 1095
1844 58 1908
1845 1849 222
1846 981 756
1847 755 765
1848 1448 1805
1849 46 1328
1850 1379 807
1851 3 121
1852 740 913
1853 290 1665
1854 1991 506
1855 1365 1060
1856 1847 504
1857 1602 1985
1858 59 1819
1859 1268 660
1860 515 1215
1861 1907 1922
1862 1864 437
1863 206 429
1864 163 1849
1865 1772 1623
1866 1512 1087
1867 1033 1317
1868 1221 858
1869 1711 649
1870 1970 1518
1871 1409 1067
1872 1943 1500
1873 1036 1189
1874 1170 3
1875 1858 41
1876 1814 486
1877 849 97
1878 1696 966
1879 893 584
1880 1837 179
1881 672 745
1882 1671 1432
1883 1430 1655
1884 1628 736
1885 1986 1673
1886 270 1708
1887 1376 216
1888 630 161
1889 362 4
1890 1621 1521
1891 192 118
1892 1805 1188
1893 1401 1560
1894 1699 51
1895 1069 958
1896 942 900
1897 1414 1345
1898 713 1202
1899 1392 276
1900 155 1955
1901 954 766
1902 784 791
1903 1747 262
1904 1883 143
1905 1669 691
1906 1087 1082
1907 583 56
1908 312 70
1909 923 807
1910 710 1758
1911 1171 997
1912 1078 4
1913 1861 894
1914 1512 947
1915 1822 148
1916 1136 694
1917 312 102
1918 1229 1022
1919 1717 806
1920 1678 127
1921 1081 1242
1922 715 401
1923 1440 279
1924 1250 220
1925 822 445
1926 190 9
1927 1748 1301
1928 1882 1438
1929 1547 143
1930 1008 1242
1931 1586 594
1932 313 1763
1933 219 1827
1934 1830 557
1935 472 261
1936 922 202
1937 1456 777
1938 514 194
1939 326 1934
1940 1001 1133
1941 1848 425
1942 668 236
1943 1865 1228
1944 1160 810
1945 405 1532
1946 620 1258
1947 676 1127
1948 1737 76
1949 1675 491
1950 772 245
1951 1834 16
1952 700 1086
1953 1051 557
1954 1911 1641
1955 675 684
1956 686 1205
1957 1747 1077
1958 727 1871
1959 1446 1737
1960 1036 1212
1961 1099 650
1962 1355 462
1963 1242 437
1964 1624 1116
1965 1412 1312
1966 1848 157
1967 1727 491
1968 1341 1701
1969 182 1794
1970 1487 1299
1971 451 1908
1972 653 1307
1973 1412 1587
1974 484 45
1975 1057 893
1976 1403 723
1977 1765 1783
1978 711 1134
1979 1058 414
1980 924 1206
1981 1846 1481
1982 1845 1548
1983 1428 476
1984 958 236
1985 935 1309
1986 1863 1868
1987 386 1332
1988 1497 1349
1989 1585 963
1990 1762 1214
1991 948 46
1992 1271 1010
1993 1525 944
1994 1717 1620
1995 272 387
1996 633 153
1997 1323 1151
1998 1636 355
1999 645 1003
2000 1950 1708
2001 981 213
2002 1538 1056
2003 1152 447
2004 134 1771
2005 1884 413
2006 1033 1002
2007 1556 964
2008 451 222
2009 1211 1314
2010 1082 1026
2011 230 208
2012 1464 1038
2013 253 1655
2014 1772 1099
2015 1008 530
2016 505 524
2017 1441 192
2018 896 819
2019 1514 175
2020 1820 54
2021 348 1676
2022 1791 393
2023 872 258
2024 1041 973
2025 707 151
2026 1889 1712
2027 1051 991
2028 497 151
2029 379 1688
2030 1015 587
2031 771 1589
2032 212 227
2033 196 198
2034 1165 1125
2035 1273 813
2036 1500 245
2037 675 1385
2038 1878 329
2039 1565 107
2040 544 1248
2041 1999 1975
2042 1784 1511
2043 1860 654
2044 549 368
2045 1468 118
2046 1427 232
2047 617 1706
2048 337 1491
2049 746 1114
2050 498 469
2051 1642 454
2052 524 202
2053 1495 1792
2054 1877 1810
2055 104 1819
2056 1842 1145
2057 1579 602
2058 1797 602
2059 1890 1556
2060 1527 317
2061 1551 614
2062 1745 412
2063 648 329
2064 1720 340
2065 1380 276
2066 1779 184
2067 829 698
2068 1468 559
2069 1743 1572
2070 1748 446
2071 812 1608
2072 814 1051
2073 900 615
2074 707 1152
2075 549 115
2076 938 272
2077 1656 662
2078 1563 1646
2079 681 1187
2080 1448 300
2081 1496 216
2082 847 1310
2083 1662 601
2084 400 1929
2085 1360 1102
2086 176 108
2087 435 102
2088 333 1639
2089 361 114
2090 377 1920
2091 998 1083
2092 585 1540
2093 1368 282
2094 1055 1151
2095 1187 1225
2096 834 1348
2097 391 1550
2098 418 56
2099 991 1399
2100 748 73
2101 10 15
2102 804 1043
2103 1049 589
2104 1343 1709
2105 1991 770
2106 38 1939
2107 1328 446
2108 362 1717
2109 1911 1424
2110 1747 1702
2111 1683 684
2112 362 1326
2113 1601 1518
2114 1073 752
2115 1710 864
2116 1532 216
2117 1932 39
2118 1413 1436
2119 936 809
2120 565 1347
2121 1649 414
2122 588 1413
2123 1320 1190
2124 1341 998
2125 585 1762
2126 809 997
2127 1654 1687
2128 835 1050
2129 1607 1149
2130 1404 595
2131 648 98
2132 165 1568
2133 1756 1350
2134 1498 245
2135 717 1398
2136 825 748
2137 1574 268
2138 910 120
2139 29 1334
2140 1359 371
2141 499 1015
2142 1390 1105
2143 500 37
2144 519 433
2145 1773 1706
2146 1671 594
2147 1749 1908
2148 1408 813
2149 1556 1276
2150 1873 523
2151 311 59
2152 1017 1160
2153 1591 125
2154 837 1157
2155 1324 161
2156 784 252
2157 1237 585
2158 1698 64
2159 1995 1655
2160 720 373
2161 455 366
2162 808 970
2163 1213 1003
2164 29 1922
2165 1601 469
2166 516 1243
2167 1849 1207
2168 977 994
2169 686 1023
2170 1811 384
2171 1331 796
2172 1596 107
2173 331 59
2174 944 811
2175 1141 952
2176 291 193
2177 1577 291
2178 1932 235
2179 678 1789
2180 1706 437
2181 941 1260
2182 960 1058
2183 1041 853
2184 1533 870
2185 1118 793
2186 1647 923
2187 732 240
2188 191 1753
2189 1031 20
2190 236 40
2191 307 1979
2192 1919 780
2193 1844 1317
2194 1226 1359
2195 941 767
2196 912 1220
2197 1870 299
2198 901 682
2199 1105 341
2200 507 1456
2201 1397 536
2202 1506 861
2203 620 1941
2204 1608 1484
2205 697 1069
2206 280 1840
2207 1878 1275
2208 1316 1268
2209 456 399
2210 1187 473
2211 1443 857
2212 772 1022
2213 652 241
2214 1743 1698
2215 960 867
2216 222 1886
2217 1581 1326
2218 1020 968
2219 1180 1130
2220 1885 1884
2221 1236 826
2222 1337 1141
2223 733 888
2224 1511 1929
2225 1561 373
2226 719 1275
2227 1922 325
2228 274 67
2229 549 309
2230 342 876
2231 1273 738
2232 567 1816
2233 1449 557
2234 1670 38
2235 1866 1564
2236 1773 1857
2237 469 755
2238 1439 1090
2239 1924 42
2240 1625 1001
2241 245 203
2242 442 1719
2243 1048 1120
2244 368 417
2245 923 620
2246 481 1067
2247 1699 1863
2248 960 1130
2249 1399 1456
2250 1861 1748
2251 1562 1026
2252 1202 1238
2253 288 229
2254 1858 725
2255 1827 1736
2256 401 97
2257 1672 1481
2258 1346 821
2259 1223 1028
2260 1833 342
2261 797 644
2262 1291 418
2263 1508 399
2264 1926 1583
2265 1446 409
2266 1787 703
2267 740 995
2268 463 126
2269 1215 1476
2270 186 1994
2271 1624 418
2272 227 359
2273 829 806
2274 774 401
2275 690 1430
2276 567 45
2277 1500 378
2278 760 699
2279 1699 1419
2280 1547 1797
2281 863 670
2282 638 577
2283 822 1280
2284 101 1554
2285 1562 1566
2286 1810 1821
2287 1069 869
2288 615 1906
2289 865 101
2290 1455 1104
2291 964 1180
2292 87 37
2293 1223 730
2294 597 1298
2295 95 1937
2296 780 1084
2297 941 713
2298 20 133
2299 1285 1239
2300 887 652
2301 412 280
2302 1092 383
2303 1056 412
2304 1411 1807
2305 130 34
2306 1373 253
2307 1503 522
2308 919 1072
2309 1319 1287
2310 1869 751
2311 1249 915
2312 268 1896
2313 812 345
2314 372 23
2315 1574 1628
2316 1111 1000
2317 1987 1557
2318 1313 642
2319 1735 1408
2320 1848 1223
2321 686 1079
2322 461 180
2323 1647 1969
2324 1909 1301
2325 1237 988
2326 1757 1479
2327 1191 648
2328 684 22
2329 1405 50
2330 511 47
2331 1160 1192
2332 508 1197
2333 916 796
2334 237 45
2335 759 260
2336 367 1612
2337 656 1572
2338 1918 1856
2339 120 1990
2340 249 167
2341 310 1070
2342 255 1798
2343 1064 1063
2344 1172 414
2345 1575 1060
2346 558 161
2347 317 331
2348 781 1030
2349 1305 973
2350 883 224
2351 110 1759
2352 1237 1607
2353 1738 478
2354 504 1325
2355 33 302
2356 1294 1091
2357 1552 295
2358 634 422
2359 1315 899
2360 319 1594
2361 1786 529
2362 1638 1595
2363 1841 1855
2364 1330 1110
2365 765 293
2366 480 817
2367 1906 894
2368 1130 796
2369 1550 1301
2370 979 1245
2371 975 1032
2372 870 1041
2373 1415 1336
2374 947 1684
2375 1874 337
2376 390 1580
2377 1008 1100
2378 848 1526
2379 1435 1227
2380 1743 192
2381 1488 1366
2382 1429 1367
2383 44 768
2384 1613 1917
2385 177 1851
2386 1196 1097
2387 353 622
2388 346 1566
2389 21 1969
2390 1485 1147
2391 970 647
2392 752 796
2393 1796 564
2394 1193 305
2395 528 796
2396 1482 798
2397 1951 1839
2398 1238 955
2399 784 1003
2400 809 656
2401 1863 1335
2402 1654 1450
2403 1172 1105
2404 1266 752
2405 692 1317
2406 1607 1177
2407 569 166
2408 863 1338
2409 1451 291
2410 187 1569
2411 1607 513
2412 1496 1097
2413 38 456
2414 1642 231
2415 1609 356
2416 1160 920
2417 1434 1626
2418 1651 447
2419 451 1393
2420 515 304
2421 436 1999
2422 1506 1114
2423 632 367
2424 1645 1264
2425 1866 707
2426 526 1840
2427 549 1922
2428 1591 1317
2429 1655 746
2430 1562 475
2431 236 1573
2432 1813 1281
2433 238 254
2434 816 1066
2435 69 1972
2436 197 136
2437 687 1024
2438 1222 432
2439 187 1315
2440 1361 1155
2441 270 1261
2442 1608 900
2443 950 616
2444 819 1156
2445 219 1691
2446 535 167
2447 1072 809
2448 387 207
2449 219 73
2450 1574 1740
2451 1645 1932
2452 435 320
2453 274 200
2454 599 612
2455 295 172
2456 1122 936
2457 793 140
2458 192 963
2459 252 434
2460 656 1438
2461 1167 821
2462 388 1608
2463 370 1529
2464 1319 523
2465 58 1569
2466 1741 381
2467 1887 1700
2468 564 1207
2469 710 343
2470 1980 438
2471 230 1914
2472 1556 432
2473 1414 160
2474 182 1868
2475 625 1224
2476 1567 1525
2477 1563 372
2478 922 1164
2479 173 1835
2480 588 160
2481 1383 1155
2482 1517 774
2483 1828 736
2484 980 188
2485 892 846
2486 1459 18
2487 1060 718
2488 1295 818
2489 79 367
2490 1413 1422
2491 123 186
2492 1419 719
2493 1853 1885
2494 523 1705
2495 1282 1051
2496 99 1616
2497 626 338
2498 1494 1283
2499 677 466
2500 1040 1100
2501 659 425
2502 154 1948
2503 1594 906
2504 842 1378
2505 1821 1776
2506 186 1462
2507 753 575
2508 282 1904
2509 1172 871
2510 1316 620
2511 1259 1330
2512 1418 630
2513 1217 811
2514 834 893
2515 59 1909
2516 873 288
2517 1469 593
2518 744 1119
2519 287 52
2520 1607 1307
2521 1240 810
2522 1814 1858
2523 1072 1400
2524 938 432
2525 1221 980
2526 315 1630
2527 781 327
2528 1682 1578
2529 1266 753
2530 1155 1592
2531 1061 345
2532 762 28
2533 1835 428
2534 841 692
2535 138 391
2536 598 1229
2537 521 666
2538 1601 1771
2539 1080 907
2540 885 1010
2541 993 1105
2542 917 670
2543 351 1594
2544 1848 1742
2545 1091 1053
2546 1516 1534
2547 1016 830
2548 1192 661
2549 530 179
2550 508 1938
2551 1892 403
2552 893 971
2553 870 1090
2554 352 75
2555 184 1955
2556 793 157
2557 867 293
2558 1467 1380
2559 280 1626
2560 1505 1172
2561 961 837
2562 1383 1796
2563 1871 482
2564 857 211
2565 489 1441
2566 1567 1667
2567 934 644
2568 197 1863
2569 1471 289
2570 1670 558
2571 431 1841
2572 1355 1329
2573 641 921
2574 1849 1799
2575 1797 1504
2576 441 721
2577 278 1141
2578 330 1745
2579 1197 1115
2580 1284 819
2581 603 1798
2582 596 324
2583 1262 961
2584 396 257
2585 500 1216
2586 1853 704
2587 744 636
2588 875 778
2589 821 273
2590 997 1003
2591 1793 1798
2592 1634 474
2593 580 1559
2594 973 325
2595 466 298
2596 1066 775
2597 306 329
2598 1437 857
2599 1667 522
2600 1616 588
2601 1268 586
2602 1705 613
2603 1319 1320
2604 742 416
2605 457 517
2606 1471 1057
2607 578 1367
2608 1291 1278
2609 1188 1143
2610 940 1384
2611 1347 259
2612 1963 545
2613 959 771
2614 1011 1115
2615 393 1746
2616 1775 1518
2617 1739 491
2618 1049 1130
2619 1687 452
2620 1633 898
2621 525 1929
2622 1871 81
2623 897 190
2624 1490 362
2625 1110 1085
2626 1898 155
2627 101 1853
2628 1628 1378
2629 1015 768
2630 1769 1629
2631 1662 279
2632 504 131
2633 1379 549
2634 1685 1770
2635 946 1351
2636 634 1489
2637 402 1833
2638 344 1700
2639 1815 1457
2640 145 37
2641 1596 1893
2642 1768 1565
2643 287 1744
2644 1000 821
2645 1647 1568
2646 548 1715
2647 1406 296
2648 1081 853
2649 1171 755
2650 1187 999
2651 1745 985
2652 992 1423
2653 1641 222
2654 1282 764
2655 1967 1510
2656 305 1755
2657 886 951
2658 840 791
2659 1050 1109
2660 844 1200
2661 1481 948
2662 139 1778
2663 1191 578
2664 1857 1499
2665 766 1369
2666 696 1406
2667 479 244
2668 1532 1630
2669 1706 1565
2670 704 114
2671 1045 1257
2672 349 1342
2673 1905 1768
2674 1087 81
2675 999 1249
2676 1965 1766
2677 838 980
2678 1395 444
2679 1340 248
2680 747 580
2681 480 1719
2682 1892 828
2683 742 752
2684 1842 454
2685 1330 1251
2686 998 1201
2687 462 1264
2688 128 114
2689 1128 1036
2690 1284 1065
2691 1861 399
2692 620 1503
2693 1582 594
2694 1225 563
2695 397 1456
2696 773 1568
2697 271 1856
2698 407 1875
2699 289 1712
2700 1902 419
2701 1459 855
2702 46 1960
2703 695 567
2704 1891 279
2705 747 765
2706 419 1435
2707 76 1637
2708 1673 901
2709 1478 1326
2710 1010 923
2711 813 1063
2712 1634 1188
2713 1060 694
2714 318 1718
2715 712 884
2716 570 1082
2717 246 336
2718 937 1649
2719 1461 420
2720 1629 492
2721 1245 998
2722 1468 64
2723 1258 676
2724 929 982
2725 1300 717
2726 1995 331
2727 864 583
2728 1395 483
2729 321 1324
2730 509 1362
2731 1221 1275
2732 315 1814
2733 1365 1105
2734 436 256
2735 814 417
2736 936 948
2737 48 66
2738 969 578
2739 373 1893
2740 756 1340
2741 793 1162
2742 501 1804
2743 1814 507
2744 456 63
2745 1141 825
2746 257 295
2747 1061 475
2748 531 1242
2749 825 623
2750 1312 924
2751 534 1852
2752 203 1662
2753 1367 1511
2754 639 141
2755 1437 1329
2756 1166 1215
2757 1069 703
2758 1458 548
2759 1485 824
2760 776 860
2761 1102 852
2762 711 417
2763 1077 953
2764 1527 628
2765 1114 506
2766 1372 650
2767 1386 850
2768 1337 1076
2769 1462 682
2770 633 294
2771 1012 1118
2772 1777 1897
2773 1520 1346
2774 1897 1211
2775 947 866
2776 943 849
2777 1331 907
2778 1155 415
2779 1067 1262
2780 1999 1626
2781 170 363
2782 1706 651
2783 684 1163
2784 1600 436
2785 237 852
2786 705 306
2787 677 1982
2788 783 953
2789 1745 11
2790 1697 1117
2791 525 1096
2792 84 670
2793 1858 1200
2794 1454 770
2795 131 1710
2796 1515 1560
2797 290 1614
2798 548 1936
2799 264 412
2800 1446 279
2801 1455 228
2802 950 128
2803 1810 1128
2804 1064 1269
2805 400 139
2806 1984 1505
2807 1568 184
2808 228 1810
2809 113 1942
2810 1114 794
2811 254 273
2812 1057 1070
2813 1754 845
2814 1476 1674
2815 781 930
2816 1056 1151
2817 1982 1421
2818 422 378
2819 534 1933
2820 637 134
2821 432 1970
2822 1861 176
2823 1019 1004
2824 1122 1200
2825 1200 356
2826 1589 1796
2827 150 188
2828 1333 884
2829 254 318
2830 1080 625
2831 1276 873
2832 921 832
2833 343 1540
2834 634 8
2835 117 1843
2836 1680 1033
2837 1450 601
2838 626 682
2839 1790 1699
2840 61 488
2841 1635 1882
2842 1515 1506
2843 146 1718
2844 68 311
2845 1285 1351
2846 1178 439
2847 1584 1970
2848 1134 935
2849 567 1317
2850 794 822
2851 1150 816
2852 1193 1274
2853 344 201
2854 1193 746
2855 1870 478
2856 1671 273
2857 1386 1313
2858 271 240
2859 1185 1056
2860 1451 1488
2861 511 1572
2862 1596 242
2863 1306 501
2864 1143 722
2865 1352 427
2866 1741 1142
2867 1508 299
2868 1722 1453
2869 756 1002
2870 1436 167
2871 201 544
2872 1829 1234
2873 789 1072
2874 919 906
2875 549 400
2876 615 714
2877 662 1665
2878 484 1812
2879 1365 646
2880 1887 1533
2881 1486 1793
2882 1131 1369
2883 1209 697
2884 849 1022
2885 422 1776
2886 381 106
2887 221 163
2888 219 1744
2889 639 747
2890 1768 573
2891 379 280
2892 1650 1624
2893 1044 980
2894 1669 1236
2895 780 1092
2896 393 274
2897 415 1630
2898 643 1299
2899 191 1390
2900 846 1246
2901 1676 279
2902 661 1595
2903 263 471
2904 1122 1606
2905 246 83
2906 740 1222
2907 1867 1547
2908 1321 1374
2909 415 1563
2910 1106 1372
2911 380 412
2912 562 1601
2913 1328 700
2914 1454 649
2915 633 1072
2916 1909 104
2917 1914 563
2918 434 182
2919 1547 303
2920 1466 425
2921 1149 585
2922 954 1089
2923 1691 1232
2924 1661 766
2925 561 1655
2926 1047 1353
2927 1384 1059
2928 727 1058
2929 1956 1421
2930 1182 676
2931 1481 481
2932 1766 1625
2933 1522 1886
2934 1698 210
2935 1617 457
2936 111 1910
2937 795 778
2938 1461 1141
2939 1913 1707
2940 1790 1136
2941 1703 908
2942 614 1812
2943 1763 1877
2944 1639 324
2945 763 1481
2946 1621 324
2947 1786 1503
2948 1902 1557
2949 1217 838
2950 633 271
2951 1529 26
2952 1689 443
2953 279 1532
2954 90 128
2955 1016 348
2956 386 1028
2957 302 405
2958 536 1344
2959 1552 79
2960 810 1112
2961 973 687
2962 517 1071
2963 1472 1509
2964 1068 1464
2965 643 1144
2966 1041 567
2967 441 1757
2968 991 1091
2969 188 1497
2970 850 1131
2971 1994 1380
2972 1196 1084
2973 970 1427
2974 1990 470
2975 1493 120
2976 1282 88
2977 730 1048
2978 350 1915
2979 1568 1247
2980 490 1869
2981 1716 1347
2982 986 393
2983 1018 222
2984 1393 821
2985 1531 535
2986 453 633
2987 1923 1602
2988 1558 1508
2989 921 1161
2990 1395 298
2991 268 1701
2992 1969 1762
2993 1845 1585
2994 1155 1235
2995 966 596
2996 838 870
2997 1149 1131
2998 82 375
2999 1989 476
3000 950 1122
3001 1708 554
3002 823 1575
3003 1410 431
3004 1822 428
3005 1112 771
3006 234 1716
3007 1956 1185
3008 813 832
3009 1966 1842
3010 1571 1620
3011 791 1259
3012 641 1670
3013 303 1332
3014 1211 926
3015 831 868
3016 903 411
3017 1784 914
3018 1240 612
3019 135 332
3020 0 1537
3021 1104 1283
3022 913 1471
3023 136 1491
3024 733 222
3025 147 1592
3026 567 226
3027 512 201
3028 1985 1415
3029 1394 900
3030 915 1407
3031 1679 433
3032 1774 1994
3033 723 1276
3034 1211 1324
3035 534 168
3036 386 1990
3037 1993 1369
3038 198 1492
3039 1789 124
3040 1366 788
3041 1924 192
3042 705 1499
3043 1882 590
3044 1804 1496
3045 1379 683
3046 634 107
3047 1753 1380
3048 1056 463
3049 1436 546
3050 1432 1354
3051 1924 1506
3052 941 1173
3053 726 1383
3054 1447 561
3055 1775 501
3056 1241 561
3057 725 526
3058 1916 598
3059 633 341
3060 720 491
3061 1265 1463
3062 1002 988
3063 905 1189
3064 1016 712
3065 1403 470
3066 1651 375
3067 1211 811
3068 582 805
3069 1301 1233
3070 558 853
3071 1771 1453
3072 616 545
3073 1947 588
3074 546 275
3075 1081 610
3076 808 1432
3077 464 250
3078 1489 1283
3079 1789 1448
3080 235 650
3081 1077 169
3082 576 1661
3083 1050 1189
3084 1455 373
3085 975 1213
3086 984 747
3087 75 1678
3088 320 159
3089 1652 271
3090 345 47
3091 142 1920
3092 1925 451
3093 1677 1101
3094 1478 240
3095 418 459
3096 1491 202
3097 737 1346
3098 171 177
3099 402 265
3100 278 653
3101 1309 1015
3102 1834 282
3103 985 726
3104 1757 1360
3105 974 1217
3106 546 1279
3107 162 1897
3108 1171 1189
3109 114 1653
3110 1381 895
3111 1296 318
3112 990 1434
3113 1034 1215
3114 58 1709
3115 969 332
3116 292 414
3117 309 409
3118 281 1905
3119 1289 314
3120 515 321
3121 1878 1612
3122 1728 1612
3123 1241 637
3124 604 853
3125 545 1769
3126 824 1196
3127 1387 1050
3128 704 786
3129 963 893
3130 476 1701
3131 1417 569
3132 1529 980
3133 613 300
3134 643 704
3135 1021 346
3136 347 560
3137 1775 893
3138 73 1743
3139 1437 906
3140 1735 1666
3141 822 1234
3142 1251 1449
3143 1803 1158
3144 1953 496
3145 912 501
3146 1854 1601
3147 514 834
3148 876 1644
3149 388 1042
3150 1758 1316
3151 880 1113
3152 933 734
3153 683 419
3154 1099 18
3155 841 1011
3156 1695 488
3157 1078 1199
3158 896 1348
3159 908 500
3160 418 515
3161 382 133
3162 902 366
3163 520 996
3164 987 231
3165 679 1163
3166 913 345
3167 712 424
3168 535 1323
3169 1165 1071
3170 438 136
3171 192 307
3172 1759 1320
3173 1279 715
3174 290 97
3175 662 118
3176 1604 1215
3177 1425 790
3178 101 272
3179 1304 1080
3180 435 1317
3181 590 150
3182 1280 1133
3183 382 142
3184 531 1686
3185 1313 1111
3186 1689 1528
3187 461 1768
3188 1213 1127
3189 1570 135
3190 1356 1490
3191 1114 1352
3192 1393 1323
3193 1892 465
3194 1707 1350
3195 1701 426
3196 544 341
3197 372 119
3198 1649 896
3199 891 1037
3200 263 452
3201 421 1343
3202 1142 861
3203 1511 159
3204 239 1935
3205 1862 1439
3206 1963 1892
3207 154 491
3208 1410 1258
3209 1866 1458
3210 536 107
3211 1542 673
3212 1527 154
3213 752 1013
3214 1091 703
3215 219 1945
3216 68 1856
3217 1612 1225
3218 1891 1657
3219 942 604
3220 454 407
3221 1863 620
3222 392 139
3223 1979 375
3224 1292 1039
3225 306 797
3226 1543 1226
3227 1954 1804
3228 276 291
3229 276 319
3230 1459 1307
3231 647 1597
3232 1862 1656
3233 1814 100
3234 1928 1300
3235 433 1815
3236 770 993
3237 1629 1495
3238 192 1683
3239 1016 428
3240 935 634
3241 1071 656
3242 1117 1431
3243 1813 872
3244 1706 1291
3245 1653 1454
3246 413 4
3247 1281 252
3248 1071 1080
3249 907 1151
3250 1690 1025
3251 674 1391
3252 614 1355
3253 1132 1693
3254 778 122
3255 197 74
3256 1134 375
3257 645 1062
3258 854 368
3259 1491 1116
3260 1515 222
3261 1493 975
3262 181 429
3263 979 687
3264 902 1239
3265 1008 1076
3266 753 433
3267 1783 1634
3268 97 90
3269 184 1291
3270 1155 1009
3271 1575 15
3272 1834 1772
3273 1534 1558
3274 741 1566
3275 1735 163
3276 683 1132
3277 1213 981
3278 1418 1223
3279 791 785
3280 1434 595
3281 122 1411
3282 661 1243
3283 501 1313
3284 785 208
3285 724 1418
3286 69 1672
3287 1360 286
3288 1202 1634
3289 1518 914
3290 914 128
3291 397 206
3292 560 1951
3293 806 76
3294 1645 1311
3295 476 13
3296 1011 166
3297 1227 316
3298 540 256
3299 563 435
3300 145 248
3301 1243 134
3302 1189 798
3303 1722 601
3304 1790 1938
3305 554 1557
3306 508 1709
3307 587 273
3308 1241 1080
3309 642 271
3310 632 332
3311 1934 316
3312 358 1004
3313 1078 338
3314 1220 1317
3315 1879 1985
3316 1486 1416
3317 1679 1388
3318 1420 346
3319 888 1259
3320 865 1184
3321 623 1209
3322 1716 1987
3323 1456 646
3324 676 1685
3325 1922 1380
3326 1469 1097
3327 303 1661
3328 1915 1519
3329 517 1076
3330 281 12
3331 1741 370
3332 1474 1186
3333 281 220
3334 273 145
3335 1791 1812
3336 1648 159
3337 1196 956
3338 1643 713
3339 364 1834
3340 528 1059
3341 630 1629
3342 639 1222
3343 248 263
3344 1047 1061
3345 1555 161
3346 1643 436
3347 916 1216
3348 674 311
3349 498 1184
3350 1274 1193
3351 1871 1823
3352 896 1061
3353 1282 897
3354 1471 1329
3355 1394 618
3356 1429 346
3357 247 1713
3358 1460 881
3359 762 1513
3360 1751 1506
3361 1593 1508
3362 1902 450
3363 1635 1153
3364 1217 398
3365 1466 1673
3366 1363 351
3367 744 75
3368 63 458
3369 1214 1069
3370 1024 265
3371 736 909
3372 1579 969
3373 1761 1929
3374 852 1335
3375 317 60
3376 929 1033
3377 1445 838
3378 740 938
3379 281 358
3380 878 793
3381 1678 1779
3382 557 934
3383 189 1908
3384 1909 398
3385 993 1022
3386 1607 144
3387 1128 23
3388 629 808
3389 1941 1441
3390 1607 240
3391 570 1608
3392 1133 841
3393 1394 498
3394 1052 1276
3395 667 1335
3396 1830 354
3397 1585 1667
3398 53 1656
3399 202 1844
3400 1901 1267
3401 487 1748
3402 1726 173
3403 947 1249
3404 1732 495
3405 779 188
3406 1048 165
3407 733 1394
3408 1886 1524
3409 205 377
3410 1186 334
3411 1274 976
3412 1625 486
3413 203 1914
3414 1493 423
3415 1510 499
3416 246 220
3417 743 621
3418 433 1571
3419 1827 1521
3420 1863 1533
3421 1804 593
3422 1008 1291
3423 1957 1839
3424 1755 1660
3425 1472 1818
3426 528 1405
3427 1154 1044
3428 1357 381
3429 637 1562
3430 679 1592
3431 1637 589
3432 1020 812
3433 1996 1582
3434 262 1821
3435 1612 896
3436 1767 1484
3437 1540 1217
3438 924 1289
3439 1411 1059
3440 1093 1250
3441 1709 1270
3442 327 1670
3443 410 11
3444 1773 1543
3445 132 1779
3446 1941 1040
3447 1556 1641
3448 152 1823
3449 1730 701
3450 1007 1203
3451 583 47
3452 972 653
3453 1448 1229
3454 1321 570
3455 1430 66
3456 711 1475
3457 816 596
3458 349 34
3459 1222 1287
3460 111 53
3461 1493 618
3462 516 271
3463 1892 602
3464 886 606
3465 381 903
3466 725 1338
3467 1371 1281
3468 1896 29
3469 665 20
3470 300 1967
3471 761 869
3472 729 1239
3473 1418 237
3474 43 1796
3475 735 925
3476 1552 385
3477 1592 105
3478 1156 626
3479 750 1344
3480 1269 642
3481 1360 1645
3482 316 217
3483 1305 1125
3484 1262 206
3485 718 251
3486 66 227
3487 1877 1510
3488 209 336
3489 1796 1945
3490 1153 176
3491 1140 770
3492 1166 510
3493 310 2
3494 1461 1319
3495 1116 1142
3496 677 369
3497 1470 1830
3498 460 1061
3499 1452 600
3500 231 152
3501 1108 1555
3502 1128 790
3503 912 406
3504 1616 1808
3505 149 76
3506 1094 501
3507 583 1369
3508 237 1618
3509 1039 193
3510 1587 283
3511 1623 1105
3512 22 1630
3513 505 226
3514 955 627
3515 71 354
3516 1264 1487
3517 1273 1048
3518 283 1702
3519 905 234
3520 725 876
3521 834 1142
3522 465 356
3523 880 1192
3524 1349 1276
3525 1524 276
3526 547 1373
3527 287 327
3528 1012 766
3529 1337 916
3530 1096 647
3531 1234 203
3532 1287 1637
3533 708 1600
3534 504 1933
3535 1729 130
3536 1265 1025
3537 268 45
3538 576 197
3539 1590 1881
3540 1881 761
3541 1123 849
3542 715 976
3543 1507 140
3544 739 1608
3545 1554 294
3546 1168 404
3547 826 611
3548 1669 543
3549 540 1222
3550 566 1632
3551 387 1350
3552 443 1403
3553 360 112
3554 399 1218
3555 450 1546
3556 361 205
3557 1223 424
3558 510 1794
3559 1012 1038
3560 1751 828
3561 1730 1523
3562 519 747
3563 88 1448
3564 1107 766
3565 1734 1261
3566 1563 466
3567 70 1932
3568 548 937
3569 640 1391
3570 1931 1572
3571 409 89
3572 728 266
3573 1324 1366
3574 1448 494
3575 1545 302
3576 81 417
3577 1315 135
3578 1717 552
3579 1708 706
3580 1751 1521
3581 231 1714
3582 1487 138
3583 1753 1455
3584 782 84
3585 804 663
3586 1311 812
3587 969 1245
3588 1449 398
3589 759 1186
3590 1037 735
3591 1700 537
3592 1665 1665
3593 920 610
3594 1308 1327
3595 808 882
3596 450 1489
3597 805 709
3598 524 1771
3599 1401 1170
3600 1948 1201
3601 391 1411
3602 401 116
3603 1648 485
3604 1609 1356
3605 1614 1726
3606 42 123
3607 1824 592
3608 1638 565
3609 1648 573
3610 1672 624
3611 703 1740
3612 789 1268
3613 769 1320
3614 1352 989
3615 1714 1196
3616 1264 1245
3617 209 1574
3618 373 180
3619 1228 689
3620 192 1799
3621 848 1310
3622 1700 303
3623 451 528
3624 1222 1153
3625 665 805
3626 1616 1271
3627 1618 1489
3628 1167 1213
3629 1885 1376
3630 1361 1009
3631 444 10
3632 792 1085
3633 989 1176
3634 470 1198
3635 108 1765
3636 1279 1107
3637 512 1763
3638 332 676
3639 362 265
3640 549 1147
3641 1090 1167
3642 925 1283
3643 560 375
3644 1715 1372
3645 1972 346
3646 317 1458
3647 1430 496
3648 549 176
3649 553 1819
3650 1076 205
3651 314 225
3652 1006 965
3653 1105 1190
3654 1422 7
3655 593 746
3656 672 674
3657 432 1832
3658 1024 657
3659 784 1492
3660 1800 1388
3661 1335 355
3662 368 1801
3663 1734 420
3664 929 395
3665 1586 112
3666 622 401
3667 1773 245
3668 1784 1341
3669 859 1092
3670 1392 823
3671 1209 842
3672 1433 1752
3673 595 275
3674 617 242
3675 1990 1404
3676 887 850
3677 990 703
3678 575 259
3679 1479 1692
3680 1664 119
3681 514 3
3682 811 633
3683 798 186
3684 1869 104
3685 1765 498
3686 637 916
3687 464 1150
3688 1644 223
3689 978 1143
3690 837 510
3691 739 170
3692 1752 1084
3693 662 1354
3694 1397 601
3695 33 1866
3696 88 1905
3697 1544 734
3698 417 1469
3699 1851 1348
3700 1679 1599
3701 585 1971
3702 1699 1249
3703 833 84
3704 1054 920
3705 471 160
3706 1087 1179
3707 1815 360
3708 1328 633
3709 330 167
3710 813 1148
3711 516 1775
3712 1636 331
3713 177 320
3714 1264 851
3715 573 447
3716 1337 88
3717 893 13
3718 332 1063
3719 1736 804
3720 373 434
3721 1773 272
3722 1037 937
3723 1659 1363
3724 600 776
3725 554 91
3726 549 464
3727 847 1082
3728 140 176
3729 965 1159
3730 694 1313
3731 683 771
3732 1218 549
3733 127 1651
3734 433 1609
3735 1833 387
3736 1105 701
3737 1500 1588
3738 109 416
3739 48 1816
3740 1299 551
3741 1775 1691
3742 482 710
3743 1251 989
3744 1030 737
3745 1426 1362
3746 681 954
3747 1352 1712
3748 1283 1032
3749 1299 1019
3750 1573 214
3751 1612 1026
3752 1400 426
3753 87 293
3754 636 414
3755 1687 1584
3756 1515 1038
3757 1003 27
3758 1648 1266
3759 1473 1216
3760 1425 998
3761 399 1219
3762 167 626
3763 1462 1823
3764 240 1889
3765 391 1799
3766 1659 175
3767 1377 893
3768 1247 820
3769 1804 794
3770 1747 275
3771 1822 1995
3772 1533 457
3773 1634 164
3774 566 862
3775 1040 951
3776 1368 1022
3777 1141 239
3778 449 1198
3779 861 1110
3780 1283 782
3781 518 1519
3782 101 1721
3783 1337 550
3784 1284 685
3785 1941 803
3786 1253 662
3787 1807 1729
3788 362 1144
3789 501 330
3790 797 395
3791 518 299
3792 1547 389
3793 1758 1652
3794 881 191
3795 1571 1013
3796 152 138
3797 1194 1016
3798 390 197
3799 707 71
3800 1803 845
3801 1504 1532
3802 1290 697
3803 1174 1556
3804 1501 522
3805 355 144
3806 1970 996
3807 1223 1109
3808 1438 440
3809 1915 1448
3810 1811 843
3811 328 1940
3812 1160 923
3813 151 1840
3814 1062 730
3815 1507 1636
3816 874 1442
3817 1278 373
3818 649 1311
3819 963 1147
3820 401 141
3821 89 1952
3822 1152 975
3823 532 1407
3824 304 142
3825 1823 515
3826 1054 689
3827 266 323
3828 292 159
3829 1763 386
3830 1065 1074
3831 738 1178
3832 1907 1527
3833 1764 1715
3834 1618 1777
3835 1484 248
3836 1461 665
3837 471 183
3838 1782 554
3839 1371 1487
3840 1673 662
3841 1569 807
3842 1849 290
3843 1328 52
3844 882 1193
3845 1820 231
3846 1681 521
3847 1880 1998
3848 1288 1024
3849 1247 360
3850 870 718
3851 1500 606
3852 1041 415
3853 1766 1223
3854 1117 1034
3855 106 1749
3856 1888 1187
3857 1288 765
3858 1333 456
3859 1573 477
3860 1251 689
3861 1724 1395
3862 1046 1118
3863 858 327
3864 1192 151
3865 1533 738
3866 1966 1426
3867 1269 777
3868 1426 1152
3869 386 649
3870 664 871
3871 488 1737
3872 1932 1612
3873 35 356
3874 269 1775
3875 1311 102
3876 550 320
3877 1774 584
3878 1840 1883
3879 1417 955
3880 236 29
3881 589 247
3882 1117 1237
3883 853 260
3884 1620 535
3885 549 1273
3886 1361 1631
3887 1730 261
3888 953 645
3889 503 244
3890 510 172
3891 862 669
3892 1248 891
3893 1142 951
3894 1661 1317
3895 1935 445
3896 1647 1626
3897 1849 1565
3898 400 16
3899 1829 1347
3900 1564 372
3901 1955 1992
3902 366 1863
3903 549 1425
3904 1356 455
3905 1759 43
3906 1506 1510
3907 1644 377
3908 1065 1405
3909 1344 47
3910 324 1720
3911 1760 1841
3912 1808 931
3913 935 1145
3914 1939 1922
3915 1197 108
3916 884 1268
3917 1706 1052
3918 518 153
3919 1300 1085
3920 730 229
3921 653 1538
3922 1850 1713
3923 1436 897
3924 350 1942
3925 973 899
3926 1706 41
3927 264 604
3928 228 154
3929 440 501
3930 1285 962
3931 881 640
3932 309 291
3933 1751 1252
3934 561 958
3935 279 436
3936 1701 492
3937 77 227
3938 1583 302
3939 1081 1188
3940 1463 1869
3941 92 1690
3942 205 59
3943 204 533
3944 1640 1694
3945 783 1367
3946 1161 1363
3947 1417 1166
3948 140 290
3949 944 874
3950 1242 915
3951 1502 579
3952 879 1281
3953 1348 1170
3954 685 532
3955 1092 868
3956 596 1046
3957 731 449
3958 451 1954
3959 371 1442
3960 1740 693
3961 985 188
3962 442 103
3963 610 1125
3964 1136 191
3965 36 317
3966 104 782
3967 1726 1983
3968 1374 171
3969 1545 69
3970 1696 355
3971 1421 615
3972 951 1202
3973 1930 1136
3974 1678 1673
3975 1084 1212
3976 1763 563
3977 504 1300
3978 700 429
3979 1645 1873
3980 602 1602
3981 829 538
3982 1858 417
3983 666 90
3984 728 1332
3985 1459 498
3986 380 222
3987 1624 415
3988 1576 181
3989 1024 1219
3990 54 323
3991 413 168
3992 1341 756
3993 1991 459
3994 1398 1696
3995 165 1917
3996 1088 1297
3997 100 1762
3998 1542 1576
3999 1846 1868
4000 112 181
4001 1807 613
4002 1195 1393
4003 1225 571
4004 901 628
4005 236 1428
4006 404 1590
4007 764 746
4008 1441 221
4009 1448 472
4010 1644 1839
4011 1292 621
4012 1467 460
4013 1912 1527
4014 1565 1386
4015 1659 1257
4016 820 1263
4017 987 460
4018 436 1954
4019 1195 583
4020 1499 1078
4021 1084 226
4022 1050 375
4023 1749 1286
4024 1874 312
4025 1076 532
4026 320 1411
4027 967 1038
4028 869 580
4029 1748 1967
4030 697 83
4031 376 1429
4032 1783 623
4033 409 1493
4034 1616 815
4035 959 616
4036 1235 889
4037 307 1980
4038 1910 1044
4039 304 1807
4040 1854 239
4041 651 706
4042 1341 643
4043 1882 1764
4044 432 74
4045 537 1976
4046 1517 113
4047 139 1591
4048 1535 1301
4049 483 1420
4050 244 1851
4051 1143 1049
4052 1817 1147
4053 1101 358
4054 103 96
4055 1068 1061
4056 974 1146
4057 530 476
4058 1304 603
4059 412 3
4060 1906 1953
4061 1939 1237
4062 1158 843
4063 939 1423
4064 257 615
4065 954 987
4066 234 194
4067 1634 356
4068 1617 1254
4069 635 158
4070 479 1022
4071 345 131
4072 1755 1545
4073 1406 1351
4074 987 825
4075 1858 1196
4076 419 1805
4077 299 1891
4078 674 291
4079 1710 1505
4080 372 1736
4081 1152 1211
4082 1833 1623
4083 1077 896
4084 400 985
4085 510 265
4086 321 1024
4087 559 359
4088 692 89
4089 658 315
4090 1600 414
4091 494 356
4092 132 1824
4093 1631 195
4094 1018 443
4095 221 1985
4096 271 375
4097 1160 786
4098 718 117
4099 1916 1703
4100 1515 1050
4101 1270 1256
4102 435 247
4103 376 124
4104 1936 157
4105 1960 379
4106 1353 1032
4107 132 351
4108 1151 851
4109 1471 1190
4110 1527 623
4111 114 176
4112 1780 1141
4113 280 1717
4114 380 280
4115 348 491
4116 678 128
4117 1958 1255
4118 829 556
4119 1511 125
4120 147 1979
4121 548 358
4122 1031 621
4123 1033 1394
4124 344 0
4125 236 50
4126 857 1204
4127 1056 406
4128 911 1116
4129 595 1319
4130 362 1944
4131 1950 178
4132 689 917
4133 1815 552
4134 1314 1303
4135 1356 892
4136 1460 1607
4137 963 1039
4138 828 301
4139 1574 26
4140 731 178
4141 291 272
4142 714 5
4143 1178 1090
4144 622 1698
4145 911 987
4146 1710 1335
4147 1083 302
4148 1181 1166
4149 1390 64
4150 1549 1825
4151 1845 640
4152 724 678
4153 1906 463
4154 1964 1343
4155 604 1871
4156 1752 1456
4157 170 109
4158 1068 636
4159 1064 1064
4160 448 1651
4161 1804 901
4162 1936 385
4163 284 1660
4164 64 1954
4165 1554 759
4166 1801 1138
4167 451 1666
4168 1898 538
4169 1051 840
4170 1609 1425
4171 1812 1656
4172 877 608
4173 1802 1487
4174 1821 584
4175 292 1965
4176 819 647
4177 1604 435
4178 1331 396
4179 720 1214
4180 92 362
4181 1807 1301
4182 727 947
4183 1169 807
4184 1335 1054
4185 681 117
4186 1449 1243
4187 23 335
4188 1587 230
4189 1486 1912
4190 1655 1531
4191 1402 1258
4192 956 79
4193 1404 925
4194 1982 1384
4195 1438 841
4196 1746 57
4197 1027 941
4198 738 330
4199 1847 133
4200 834 493
4201 1480 1779
4202 454 490
4203 525 1075
4204 420 26
4205 1773 190
4206 1425 637
4207 54 1912
4208 1432 1102
4209 1741 755
4210 1746 1126
4211 599 1910
4212 1737 519
4213 1175 831
4214 231 87
4215 775 1379
4216 791 13
4217 1991 402
4218 959 714
4219 80 1679
4220 664 293
4221 620 778
4222 821 2
4223 232 346
4224 1039 1052
4225 1915 798
4226 1359 82
4227 902 429
4228 1846 176
4229 1724 223
4230 993 1236
4231 9 1823
4232 1088 904
4233 416 1103
4234 1013 876
4235 1773 545
4236 1817 583
4237 856 377
4238 722 453
4239 1562 1454
4240 612 1106
4241 1630 1322
4242 1365 1246
4243 555 1598
4244 1043 953
4245 811 1121
4246 1344 973
4247 1837 374
4248 1568 733
4249 1583 1035
4250 879 437
4251 399 1912
4252 695 577
4253 1517 1796
4254 1150 1010
4255 1479 1321
4256 1493 1221
4257 1787 242
4258 606 1976
4259 92 1848
4260 1641 312
4261 474 1390
4262 1130 612
4263 435 1990
4264 1782 1680
4265 721 993
4266 1553 642
4267 752 1299
4268 616 1456
4269 1862 190
4270 1045 733
4271 1587 192
4272 791 436
4273 1534 161
4274 1778 665
4275 1302 505
4276 854 1437
4277 1728 841
4278 911 872
4279 410 1773
4280 490 25
4281 846 915
4282 895 982
4283 1295 565
4284 296 1037
4285 1634 1226
4286 1272 1338
4287 1879 437
4288 1228 511
4289 1249 624
4290 1909 1309
4291 1043 1324
4292 1686 178
4293 103 1425
4294 167 1768
4295 1610 231
4296 1384 295
4297 1893 1776
4298 571 27
4299 1288 852
4300 870 1109
4301 200 1761
4302 99 129
4303 1150 677
4304 1771 1417
4305 381 110
4306 846 1175
4307 535 1314
4308 1734 1908
4309 1108 152
4310 1842 1494
4311 1712 1566
4312 796 1151
4313 1672 320
4314 1999 1265
4315 1912 1612
4316 1113 1234
4317 1864 566
4318 1106 833
4319 1730 1276
4320 186 1722
4321 937 691
4322 501 229
4323 697 1114
4324 1397 1106
4325 1671 1059
4326 323 37
4327 1800 1467
4328 1847 1819
4329 1001 179
4330 439 1941
4331 1089 875
4332 526 39
4333 1142 1639
4334 903 1584
4335 1370 197
4336 520 71
4337 480 124
4338 1079 688
4339 1349 194
4340 1611 1167
4341 147 347
4342 1338 450
4343 1301 1063
4344 1172 594
4345 1226 727
4346 354 1857
4347 1871 1836
4348 62 1635
4349 1513 639
4350 1121 658
4351 1430 1951
4352 1733 1644
4353 467 984
4354 727 1111
4355 769 485
4356 1176 984
4357 1525 687
4358 276 240
4359 1596 949
4360 1532 1606
4361 99 1610
4362 839 835
4363 392 177
4364 537 11
4365 772 613
4366 1528 1609
4367 1667 351
4368 305 213
4369 1731 1356
4370 1038 926
4371 1952 236
4372 1969 510
4373 1412 1292
4374 1459 477
4375 1893 1716
4376 57 1652
4377 1772 1331
4378 115 1983
4379 850 986
4380 1137 574
4381 1896 233
4382 407 297
4383 825 1352
4384 1058 543
4385 1158 844
4386 394 1038
4387 1563 124
4388 378 1920
4389 1523 1338
4390 572 99
4391 623 194
4392 1855 1253
4393 749 1341
4394 1152 1090
4395 443 271
4396 390 1952
4397 968 1001
4398 1346 986
4399 1235 1526
4400 1508 712
4401 911 478
4402 1072 832
4403 1602 491
4404 1261 826
4405 1077 1146
4406 1221 1045
4407 1571 1844
4408 212 1785
4409 371 421
4410 1434 729
4411 1009 656
4412 1800 1202
4413 1496 937
4414 1106 636
4415 1735 1256
4416 1183 825
4417 956 1660
4418 1874 515
4419 974 1225
4420 890 245
4421 139 1780
4422 1424 189
4423 663 1310
4424 390 64
4425 598 1730
4426 724 1173
4427 1658 783
4428 1590 319
4429 1304 448
4430 1006 1509
4431 1258 1419
4432 664 1348
4433 355 34
4434 1546 726
4435 1737 731
4436 231 462
4437 199 1809
4438 506 624
4439 1773 557
4440 1439 822
4441 437 1197
4442 1049 230
4443 627 1609
4444 199 1853
4445 910 1143
4446 206 91
4447 1844 1479
4448 667 999
4449 1595 1851
4450 1063 1494
4451 1916 1843
4452 88 238
4453 2 1912
4454 1138 1352
4455 720 865
4456 548 257
4457 872 1191
4458 391 1939
4459 1026 1396
4460 1304 75
4461 930 424
4462 212 178
4463 505 1864
4464 697 455
4465 372 1726
4466 352 432
4467 1268 1214
4468 1160 293
4469 1123 769
4470 1417 1055
4471 1304 1518
4472 1431 630
4473 417 3
4474 1474 1554
4475 70 139
4476 1961 780
4477 1461 1889
4478 1690 1670
4479 1990 106
4480 399 1766
4481 1190 634
4482 441 133
4483 70 1966
4484 1662 1498
4485 1767 1828
4486 1166 921
4487 572 1564
4488 728 45
4489 1678 1871
4490 300 1692
4491 1851 361
4492 1791 865
4493 417 445
4494 740 1415
4495 1810 1374
4496 1791 485
4497 35 298
4498 904 942
4499 469 1061
4500 217 1989
4501 1878 1477
4502 148 84
4503 1080 756
4504 1041 1068
4505 31 167
4506 73 1792
4507 327 241
4508 1258 789
4509 1574 357
4510 890 1107
4511 408 225
4512 1024 866
4513 1809 1347
4514 1976 1964
4515 450 1470
4516 59 1612
4517 1672 1536
4518 1802 1907
4519 1893 1583
4520 1399 300
4521 1512 683
4522 1502 1427
4523 104 249
4524 1015 1225
4525 802 1333
4526 1147 510
4527 390 35
4528 1198 475
4529 516 137
4530 1310 812
4531 1404 314
4532 1765 269
4533 1761 547
4534 454 1952
4535 833 871
4536 1552 146
4537 1767 175
4538 1497 638
4539 1583 706
4540 1309 1278
4541 1345 173
4542 578 1992
4543 518 1999
4544 962 665
4545 863 1264
4546 1615 1015
4547 1935 695
4548 1175 634
4549 1272 990
4550 368 1945
4551 1542 123
4552 1917 1716
4553 1619 1529
4554 1035 744
4555 481 1987
4556 865 766
4557 1596 1149
4558 795 999
4559 1163 481
4560 795 771
4561 564 1498
4562 1860 921
4563 1320 947
4564 1008 1139
4565 648 39
4566 295 678
4567 1631 1234
4568 1010 419
4569 1806 1673
4570 216 1708
4571 717 1581
4572 691 747
4573 532 55
4574 591 451
4575 1270 670
4576 1577 205
4577 275 1747
4578 1480 1810
4579 145 1864
4580 1097 1094
4581 1005 1204
4582 1101 883
4583 1836 1472
4584 1062 226
4585 486 1551
4586 706 783
4587 1708 1274
4588 1274 745
4589 800 609
4590 1460 1484
4591 1003 398
4592 415 238
4593 178 9
4594 1451 922
4595 786 619
4596 1465 715
4597 1121 929
4598 528 382
4599 1846 564
4600 1820 442
4601 1231 527
4602 1486 22
4603 1826 1880
4604 1054 243
4605 1441 511
4606 1278 494
4607 1989 415
4608 1061 239
4609 980 896
4610 2 1603
4611 872 693
4612 1696 1248
4613 1315 1188
4614 582 952
4615 838 1271
4616 594 85
4617 1617 389
4618 555 1379
4619 307 1510
4620 204 1659
4621 943 628
4622 1968 1700
4623 1642 296
4624 537 1025
4625 659 1309
4626 1733 545
4627 227 38
4628 298 291
4629 1324 1299
4630 553 1680
4631 564 1501
4632 127 7
4633 1166 1090
4634 1942 426
4635 1423 1635
4636 913 1059
4637 1874 834
4638 1714 1152
4639 413 1260
4640 355 99
4641 737 1210
4642 179 1739
4643 1647 1850
4644 761 1239
4645 181 166
4646 605 498
4647 577 1034
4648 560 253
4649 1682 1253
4650 1735 1682
4651 986 941
4652 391 1272
4653 18 1536
4654 157 297
4655 1676 1086
4656 700 1176
4657 1665 935
4658 937 1660
4659 1159 874
4660 1950 1384
4661 1519 374
4662 1605 386
4663 722 1425
4664 1628 1172
4665 271 1784
4666 1045 1197
4667 1572 494
4668 699 1158
4669 1404 504
4670 1575 541
4671 498 1007
4672 1741 581
4673 1366 334
4674 941 1176
4675 607 560
4676 757 651
4677 1907 1379
4678 257 1699
4679 924 1036
4680 267 1906
4681 970 649
4682 1243 868
4683 1866 1684
4684 1487 1070
4685 853 1441
4686 889 807
4687 1351 959
4688 512 49
4689 1813 526
4690 909 39
4691 977 772
4692 551 1570
4693 1021 1140
4694 1465 1067
4695 1511 887
4696 948 1385
4697 460 311
4698 1611 1860
4699 1192 710
4700 239 134
4701 1126 957
4702 454 386
4703 461 1380
4704 1751 504
4705 1590 394
4706 1316 361
4707 685 834
4708 1556 1327
4709 881 1334
4710 300 1878
4711 1030 1206
4712 249 1861
4713 845 1183
4714 1628 1595
4715 1387 1105
4716 361 1952
4717 1751 1157
4718 1635 1188
4719 973 1231
4720 480 935
4721 1788 203
4722 1691 611
4723 1470 1069
4724 869 958
4725 1186 989
4726 513 430
4727 1006 703
4728 1356 263
4729 546 1369
4730 1261 572
4731 741 330
4732 1378 383
4733 1792 1545
4734 1628 407
4735 562 1845
4736 800 139
4737 1178 970
4738 353 1451
4739 331 95
4740 694 1164
4741 1233 1167
4742 481 1604
4743 928 1242
4744 1712 1294
4745 924 710
4746 1652 604
4747 1639 685
4748 728 302
4749 238 1883
4750 633 1234
4751 1504 109
4752 1421 539
4753 494 257
4754 911 1076
4755 630 1476
4756 823 476
4757 25 515
4758 1821 1508
4759 1371 901
4760 1462 449
4761 561 357
4762 1020 1091
4763 419 127
4764 504 384
4765 1202 1311
4766 1033 1210
4767 1246 1263
4768 947 799
4769 1365 1327
4770 289 1692
4771 946 984
4772 1244 1180
4773 985 461
4774 328 310
4775 805 1042
4776 491 8
4777 1638 1466
4778 846 898
4779 1235 778
4780 1379 1092
4781 1753 1665
4782 726 1398
4783 1809 1464
4784 975 1652
4785 1836 61
4786 1670 10
4787 621 1472
4788 1693 299
4789 1157 1001
4790 954 1036
4791 1687 275
4792 951 328
4793 119 1688
4794 1569 189
4795 1160 1472
4796 862 507
4797 963 172
4798 295 151
4799 1258 706
4800 1302 697
4801 762 1064
4802 1167 626
4803 820 48
4804 461 161
4805 1354 637
4806 1534 1542
4807 1784 1406
4808 501 265
4809 1776 1631
4810 206 392
4811 736 1418
4812 1242 946
4813 255 418
4814 1682 1698
4815 1982 23
4816 84 1713
4817 1347 422
4818 1882 199
4819 1705 1427
4820 1481 1610
4821 1715 165
4822 1050 676
4823 61 61
4824 1901 1219
4825 1844 1378
4826 531 30
4827 911 621
4828 240 1771
4829 499 1424
4830 88 174
4831 1916 1390
4832 1510 1572
4833 983 1169
4834 509 1941
4835 1491 536
4836 1362 1234
4837 773 421
4838 1918 1588
4839 1898 1065
4840 1997 1752
4841 1186 622
4842 1039 1427
4843 1735 411
4844 1840 1315
4845 1279 1029
4846 655 206
4847 1745 638
4848 1308 844
4849 746 519
4850 328 199
4851 556 1213
4852 1228 984
4853 1714 1387
4854 752 1252
4855 1305 1111
4856 978 180
4857 358 1761
4858 1838 858
4859 1190 884
4860 933 1171
4861 1083 704
4862 1153 1148
4863 76 319
4864 1915 451
4865 636 630
4866 266 1652
4867 455 1907
4868 1541 1260
4869 1343 1048
4870 1622 162
4871 1849 526
4872 1063 989
4873 1003 513
4874 1846 353
4875 333 243
4876 334 462
4877 1014 749
4878 1100 789
4879 1783 487
4880 1127 405
4881 1160 291
4882 1006 650
4883 1802 535
4884 1616 1540
4885 1711 718
4886 1836 1036
4887 1144 752
4888 11 95
4889 749 1041
4890 1027 1006
4891 1616 1604
4892 1371 1340
4893 1085 756
4894 1619 527
4895 936 978
4896 844 1044
4897 955 1253
4898 1389 277
4899 190 36
4900 487 1700
4901 198 1684
4902 609 1437
4903 1983 1253
4904 803 21
4905 271 79
4906 1810 1540
4907 1187 1174
4908 941 1121
4909 1411 142
4910 1182 731
4911 1426 578
4912 1927 1684
4913 1763 364
4914 1705 1903
4915 958 1091
4916 1606 1455
4917 1394 388
4918 932 1052
4919 1613 643
4920 1697 1440
4921 579 87
4922 821 1299
4923 1117 882
4924 758 1478
4925 1060 983
4926 1212 1061
4927 1096 1475
4928 1492 499
4929 824 996
4930 1276 352
4931 294 200
4932 1840 1418
4933 219 1836
4934 1955 1151
4935 852 945
4936 1099 1074
4937 932 769
4938 1954 1553
4939 283 1260
4940 176 128
4941 1156 832
4942 1902 147
4943 326 1918
4944 1413 384
4945 1955 1008
4946 431 1077
4947 1683 404
4948 201 254
4949 396 679
4950 313 61
4951 1870 332
4952 1278 258
4953 1528 642
4954 1575 76
4955 1892 1462
4956 506 26
4957 1605 780
4958 1070 352
4959 1029 822
4960 402 103
4961 368 884
4962 1651 844
4963 27 1351
4964 362 319
4965 1844 473
4966 189 240
4967 587 915
4968 1806 1779
4969 1942 1704
4970 809 302
4971 79 667
4972 1639 43
4973 1108 469
4974 934 978
4975 524 1656
4976 642 893
4977 605 231
4978 1412 1482
4979 398 132
4980 1427 1279
4981 245 1873
4982 67 1609
4983 1857 365
4984 1961 1601
4985 229 1944
4986 1259 1136
4987 1254 1137
4988 828 1331
4989 1697 1676
4990 541 1241
4991 1064 370
4992 1118 910
4993 493 1557
4994 492 1826
4995 1191 870
4996 619 1323
4997 745 216
4998 1707 451
4999 786 1039
5000 798 1001
5001 1039 1293
5002 1653 1128
5003 665 345
5004 1667 559
5005 1105 951
5006 1131 769
5007 767 1149
5008 1216 613
5009 576 1185
5010 796 1275
5011 1114 311
5012 298 1507
5013 849 222
5014 499 606
5015 458 1945
5016 300 1568
5017 510 1463
5018 1213 204
5019 817 1204
5020 393 111
5021 875 104
5022 1294 1297
5023 1936 1514
5024 686 1161
5025 1690 1337
5026 558 478
5027 1515 958
5028 1842 301
5029 1575 1805
5030 86 1718
5031 552 1575
5032 1881 1840
5033 163 1885
5034 1882 1520
5035 385 210
5036 1660 1379
5037 1270 981
5038 596 346
5039 837 605
5040 506 489
5041 86 1868
5042 1536 370
5043 1767 538
5044 725 35
5045 666 1461
5046 1361 327
5047 260 216
5048 1053 1103
5049 1864 262
5050 372 1831
5051 776 878
5052 788 1214
5053 955 912
5054 739 985
5055 1936 742
5056 1479 519
5057 1422 1081
5058 1671 683
5059 1608 432
5060 1785 1533
5061 817 419
5062 1 313
5063 1977 1390
5064 1520 1637
5065 1470 982
5066 138 1856
5067 161 1528
5068 439 1069
5069 1704 709
5070 850 1557
5071 268 152
5072 1038 1209
5073 91 39
5074 543 951
5075 1513 699
5076 1247 354
5077 656 777
5078 505 422
5079 1218 1226
5080 385 1803
5081 1521 1844
5082 147 64
5083 1617 1175
5084 1782 1619
5085 1347 308
5086 1763 21
5087 1818 618
5088 439 267
5089 810 1227
5090 1616 936
5091 1841 1268
5092 528 1327
5093 744 759
5094 649 957
5095 1449 1042
5096 754 477
5097 1748 906
5098 1256 821
5099 1513 493
5100 1174 1335
5101 1764 512
5102 109 1837
5103 1903 237
5104 1741 1952
5105 905 885
5106 1365 1134
5107 1942 1460
5108 865 1251
5109 232 191
5110 1718 107
5111 408 288
5112 278 1607
5113 755 1145
5114 1613 1338
5115 1655 336
5116 573 1700
5117 242 1485
5118 176 114
5119 1211 1214
5120 1711 938
5121 1770 215
5122 673 84
5123 1554 632
5124 1559 1434
5125 1625 241
5126 1522 38
5127 524 1095
5128 1904 1474
5129 1539 367
5130 334 191
5131 778 179
5132 1375 1269
5133 1496 1584
5134 593 1161
5135 1522 508
5136 387 473
5137 1514 438
5138 1975 1292
5139 1743 708
5140 272 1904
5141 1136 1421
5142 1722 338
5143 1337 595
5144 1681 908
5145 565 1732
5146 1270 1007
5147 1912 419
5148 1407 950
5149 1975 1232
5150 708 1526
5151 146 1630
5152 1091 760
5153 1744 629
5154 473 1710
5155 1929 482
5156 52 48
5157 365 1411
5158 680 93
5159 1653 102
5160 1906 292
5161 1931 543
5162 1898 1533
5163 1074 1077
5164 1400 1379
5165 1727 1612
5166 1695 798
5167 863 1491
5168 1797 1617
5169 602 1399
5170 1646 343
5171 1839 565
5172 1504 1559
5173 315 228
5174 1338 931
5175 309 1377
5176 1314 1154
5177 1324 182
5178 415 1352
5179 1037 970
5180 274 1956
5181 1737 1304
5182 804 174
5183 1723 1251
5184 1541 536
5185 29 1719
5186 673 88
5187 1368 405
5188 943 1228
5189 1238 1239
5190 854 1195
5191 1449 639
5192 429 1854
5193 663 39
5194 539 605
5195 601 1149
5196 354 1193
5197 909 872
5198 1789 391
5199 1694 1355
5200 1448 997
5201 223 1325
5202 1844 1496
5203 977 727
5204 1387 814
5205 748 745
5206 1586 557
5207 602 188
5208 502 1198
5209 1359 535
5210 513 1755
5211 708 389
5212 1065 840
5213 618 296
5214 624 1965
5215 873 513
5216 1731 384
5217 600 1440
5218 1166 1018
5219 653 479
5220 928 666
5221 1094 1084
5222 1575 214
5223 1282 311
5224 276 1625
5225 824 1400
5226 1950 613
5227 142 1704
5228 1290 1251
5229 1599 609
5230 523 444
5231 1012 1131
5232 419 1605
5233 291 211
5234 965 1140
5235 1479 1046
5236 1698 1543
5237 1049 1290
5238 1116 788
5239 1010 1161
5240 248 105
5241 771 531
5242 1564 1721
5243 1398 442
5244 414 296
5245 419 1989
5246 1365 191
5247 289 284
5248 382 176
5249 1761 1550
5250 1228 964
5251 1269 1375
5252 1445 778
5253 1882 1695
5254 982 137
5255 168 61
5256 269 447
5257 865 767
5258 708 1579
5259 1592 510
5260 1795 116
5261 497 1632
5262 736 63
5263 602 96
5264 722 151
5265 550 1514
5266 1088 702
5267 788 301
5268 1829 1239
5269 1741 1547
5270 1042 709
5271 730 944
5272 90 94
5273 1793 1347
5274 417 686
5275 493 261
5276 567 267
5277 1032 848
5278 170 69
5279 565 1451
5280 1493 1923
5281 241 1577
5282 839 1515
5283 1737 1081
5284 46 273
5285 1066 947
5286 595 1707
5287 332 1867
5288 855 227
5289 1434 469
5290 987 1168
5291 808 7
5292 1912 1690
5293 308 302
5294 870 267
5295 1154 707
5296 1844 35
5297 943 987
5298 666 1289
5299 1589 245
5300 1679 734
5301 639 1409
5302 1181 850
5303 141 1802
5304 1504 462
5305 599 931
5306 806 1673
5307 1040 568
5308 596 1128
5309 1118 350
5310 1620 1392
5311 690 1030
5312 989 912
5313 1068 1138
5314 1925 452
5315 1477 1326
5316 1250 805
5317 406 60
5318 694 683
5319 1740 1169
5320 1055 968
5321 1056 739
5322 725 302
5323 269 1646
5324 1383 1529
5325 1615 377
5326 506 1766
5327 325 1299
5328 219 1676
5329 1725 1162
5330 1402 287
5331 1439 1252
5332 112 186
5333 641 1337
5334 1143 940
5335 673 1034
5336 1050 707
5337 1029 1349
5338 1061 935
5339 421 1652
5340 956 558
5341 1793 1581
5342 1953 394
5343 1176 686
5344 1586 1749
5345 1175 725
5346 369 1677
5347 874 889
5348 1584 1548
5349 1243 593
5350 971 1384
5351 58 1985
5352 137 118
5353 1447 487
5354 513 271
5355 1968 787
5356 239 237
5357 1278 744
5358 847 775
5359 1615 1396
5360 1654 307
5361 1856 516
5362 295 1887
5363 1431 1465
5364 701 1638
5365 979 616
5366 1600 530
5367 1483 1075
5368 249 1954
5369 669 230
5370 355 163
5371 773 1140
5372 159 83
5373 527 1252
5374 331 246
5375 1649 1231
5376 1262 1395
5377 167 1753
5378 1022 594
5379 671 1359
5380 853 1736
5381 1734 406
5382 1758 1547
5383 1155 1006
5384 1469 489
5385 1254 1523
5386 236 1968
5387 1027 543
5388 1565 1301
5389 1478 757
5390 109 1782
5391 1021 106
5392 378 228
5393 917 1190
5394 1148 372
5395 1042 601
5396 1671 67
5397 1620 172
5398 908 1064
5399 1254 416
5400 1873 435
5401 1107 44
5402 1771 1769
5403 254 1958
5404 1067 943
5405 468 1677
5406 1262 497
5407 442 378
5408 434 26
5409 1577 372
5410 1431 185
5411 558 1278
5412 1301 1006
5413 2 1982
5414 891 808
5415 394 1742
5416 677 104
5417 1856 1527
5418 288 1873
5419 1304 691
5420 1021 577
5421 1849 1636
5422 1450 904
5423 1714 1223
5424 967 987
5425 714 171
5426 336 1434
5427 285 1973
5428 1798 836
5429 1619 1242
5430 172 738
5431 1086 1012
5432 1396 1330
5433 1994 737
5434 907 1166
5435 1071 85
5436 107 242
5437 1632 1466
5438 529 229
5439 66 1835
5440 1610 355
5441 1377 1251
5442 724 473
5443 547 61
5444 761 1022
5445 1274 377
5446 1596 747
5447 78 656
5448 1612 329
5449 1041 435
5450 770 42
5451 1580 1814
5452 743 533
5453 173 132
5454 1481 1486
5455 1743 112
5456 526 1859
5457 1387 377
5458 128 688
5459 1105 423
5460 331 565
5461 1323 951
5462 127 319
5463 479 1992
5464 953 569
5465 113 1576
5466 1816 1488
5467 174 1052
5468 850 801
5469 252 1995
5470 476 20
5471 193 1890
5472 1758 937
5473 326 384
5474 1367 268
5475 1794 1319
5476 1800 151
5477 1832 1565
5478 1668 330
5479 327 977
5480 792 1258
5481 1923 123
5482 1170 391
5483 742 194
5484 1834 1681
5485 1550 712
5486 892 1058
5487 1601 235
5488 1745 1377
5489 124 158
5490 78 1717
5491 1211 669
5492 573 1630
5493 814 786
5494 467 1827
5495 438 502
5496 550 9
5497 1733 1336
5498 1235 1296
5499 333 1071
5500 1212 411
5501 1926 391
5502 36 130
5503 1214 320
5504 527 1286
5505 392 239
5506 1421 1335
5507 1151 537
5508 149 1827
5509 329 1294
5510 293 73
5511 1356 1183
5512 208 676
5513 954 1211
5514 732 1630
5515 1389 1132
5516 766 240
5517 1846 417
5518 330 68
5519 351 1699
5520 667 174
5521 917 1288
5522 1193 256
5523 649 35
5524 776 1059
5525 1026 58
5526 786 479
5527 1509 1201
5528 1387 212
5529 1861 338
5530 1832 1571
5531 985 894
5532 268 1969
5533 730 1517
5534 533 1621
5535 399 1894
5536 1576 946
5537 1704 27
5538 1092 1016
5539 667 869
5540 1840 770
5541 1896 464
5542 1172 516
5543 1737 1249
5544 1499 606
5545 73 1766
5546 1615 500
5547 1113 783
5548 1193 1076
5549 1855 808
5550 1314 710
5551 1028 560
5552 1087 944
5553 1551 943
5554 1707 317
5555 598 1981
5556 1582 1624
5557 1781 165
5558 1492 1194
5559 99 313
5560 664 1065
5561 1036 175
5562 1903 1513
5563 768 1590
5564 255 577
5565 1403 499
5566 1427 927
5567 1421 576
5568 1391 1129
5569 256 1632
5570 439 1599
5571 1437 331
5572 285 1428
5573 1883 422
5574 987 601
5575 400 265
5576 1931 949
5577 507 1420
5578 636 881
5579 992 1254
5580 1876 1573
5581 1022 1389
5582 214 223
5583 254 1914
5584 574 18
5585 1534 15
5586 569 180
5587 1449 247
5588 1538 955
5589 476 496
5590 364 1593
5591 1546 630
5592 1578 90
5593 1753 1559
5594 1664 744
5595 476 261
5596 1576 667
5597 619 567
5598 1846 98
5599 1507 31
5600 401 1956
5601 1268 976
5602 1031 166
5603 877 868
5604 855 652
5605 128 1759
5606 1575 1110
5607 1533 561
5608 665 693
5609 612 196
5610 1594 273
5611 1295 698
5612 1802 1180
5613 1311 1151
5614 1194 46
5615 724 876
5616 1920 1262
5617 431 68
5618 362 252
5619 1420 597
5620 386 1791
5621 1515 186
5622 1704 57
5623 1815 1629
5624 1516 267
5625 344 1689
5626 301 367
5627 1939 914
5628 1490 468
5629 1369 313
5630 746 1701
5631 1141 1110
5632 1458 390
5633 517 443
5634 1771 749
5635 78 1948
5636 1868 1209
5637 1020 1660
5638 1840 1285
5639 866 755
5640 1404 1108
5641 749 1008
5642 1373 13
5643 447 68
5644 1357 220
5645 1503 501
5646 1304 1342
5647 481 238
5648 317 1897
5649 277 185
5650 1589 1366
5651 1652 311
5652 873 386
5653 370 1701
5654 584 1794
5655 573 255
5656 739 864
5657 520 113
5658 316 1907
5659 1522 435
5660 1136 995
5661 1504 1230
5662 499 1567
5663 592 1337
5664 1765 1775
5665 1122 795
5666 1038 543
5667 821 905
5668 1737 410
5669 1394 1319
5670 1033 984
5671 468 244
5672 1985 255
5673 913 867
5674 304 1614
5675 556 611
5676 881 1040
5677 1862 1032
5678 215 209
5679 500 158
5680 1236 1173
5681 1236 451
5682 1374 1224
5683 57 228
5684 769 1593
5685 987 1415
5686 1466 1277
5687 191 1843
5688 1764 600
5689 407 169
5690 1465 927
5691 646 288
5692 496 166
5693 1047 1705
5694 492 231
5695 331 983
5696 1703 1635
5697 1061 983
5698 1596 967
5699 299 46
5700 1916 1587
5701 1166 742
5702 249 518
5703 738 259
5704 1037 1261
5705 853 759
5706 1180 1146
5707 1524 1241
5708 1895 1974
5709 574 1082
5710 1824 1932
5711 615 742
5712 373 1894
5713 1950 16
5714 19 1743
5715 1796 1494
5716 1721 1559
5717 1061 721
5718 1802 1413
5719 1489 1665
5720 867 898
5721 1017 854
5722 1779 1181
5723 32 1693
5724 155 1887
5725 1499 897
5726 618 1009
5727 940 143
5728 1701 1217
5729 1283 1017
5730 447 1231
5731 463 97
5732 1506 673
5733 216 1679
5734 562 1417
5735 517 1314
5736 475 1164
5737 660 931
5738 483 272
5739 514 1233
5740 1372 1101
5741 1157 1172
5742 1644 466
5743 1667 1478
5744 466 1922
5745 648 1745
5746 1270 1222
5747 1165 1001
5748 1661 413
5749 1587 361
5750 909 260
5751 669 1225
5752 579 859
5753 1272 704
5754 495 1923
5755 1448 682
5756 552 845
5757 367 1928
5758 153 1740
5759 1880 366
5760 779 1203
5761 1845 743
5762 1672 1540
5763 559 515
5764 275 1977
5765 1283 742
5766 1899 161
5767 286 145
5768 268 1942
5769 643 126
5770 1741 1619
5771 1438 502
5772 677 813
5773 1517 445
5774 1316 123
5775 778 927
5776 222 1670
5777 1654 621
5778 846 1054
5779 1925 914
5780 1799 1992
5781 567 331
5782 1660 1043
5783 1706 852
5784 675 611
5785 1420 799
5786 370 49
5787 218 1962
5788 1745 1588
5789 387 159
5790 1837 393
5791 413 1958
5792 1273 772
5793 1342 616
5794 1204 919
5795 470 1873
5796 1508 756
5797 392 1209
5798 600 1717
5799 391 1162
5800 1897 90
5801 1134 605
5802 1827 202
5803 1217 956
5804 1459 1110
5805 1236 1041
5806 243 1609
5807 1505 1179
5808 1314 1384
5809 1839 31
5810 1748 393
5811 1302 587
5812 949 1253
5813 196 141
5814 69 1535
5815 1366 672
5816 503 342
5817 430 207
5818 1104 662
5819 219 1596
5820 1681 927
5821 861 417
5822 1861 1906
5823 673 168
5824 1430 1241
5825 839 1395
5826 1097 954
5827 1172 725
5828 481 15
5829 1671 1538
5830 622 1283
5831 1596 963
5832 1024 1359
5833 1603 1856
5834 1935 1563
5835 1061 1022
5836 223 153
5837 1898 939
5838 1295 789
5839 341 88
5840 1027 1146
5841 1069 962
5842 1835 1563
5843 1442 940
5844 870 1083
5845 327 1852
5846 277 1712
5847 1262 785
5848 155 1489
5849 996 684
5850 1868 1303
5851 808 1236
5852 517 39
5853 1443 731
5854 647 1440
5855 710 107
5856 359 1671
5857 1633 517
5858 996 1175
5859 1438 895
5860 339 1929
5861 1846 646
5862 35 1902
5863 1806 891
5864 347 348
5865 866 375
5866 1416 885
5867 731 807
5868 1987 1009
5869 1268 1203
5870 298 1864
5871 1645 1350
5872 1053 945
5873 1285 1387
5874 1993 313
5875 108 92
5876 1904 1887
5877 1620 1164
5878 331 141
5879 1789 1551
5880 734 1427
5881 1795 142
5882 1539 173
5883 491 83
5884 868 1313
5885 440 42
5886 1952 415
5887 1146 1375
5888 1041 1081
5889 479 1998
5890 1412 622
5891 388 1192
5892 660 1320
5893 1826 1794
5894 1400 1013
5895 257 1870
5896 219 317
5897 125 1878
5898 906 1334
5899 1186 557
5900 1591 1587
5901 1051 1122
5902 759 753
5903 292 672
5904 1742 1254
5905 1156 867
5906 884 1302
5907 62 1915
5908 247 292
5909 1062 845
5910 484 1886
5911 1789 537
5912 904 250
5913 1086 841
5914 719 1428
5915 1675 176
5916 399 444
5917 786 1135
5918 619 1431
5919 428 1740
5920 1230 745
5921 548 1210
5922 854 932
5923 1291 40
5924 1676 1634
5925 549 1082
5926 1204 812
5927 1320 759
5928 147 1958
5929 735 1024
5930 616 696
5931 1931 529
5932 777 1334
5933 1681 1376
5934 356 157
5935 112 1801
5936 673 847
5937 1295 1006
5938 1082 1035
5939 323 592
5940 1230 1055
5941 374 1794
5942 464 1168
5943 1450 1148
5944 1986 1458
5945 1044 1141
5946 1633 1670
5947 307 120
5948 427 1550
5949 1817 1503
5950 1969 1146
5951 255 1806
5952 1237 627
5953 1215 1054
5954 1149 750
5955 557 1422
5956 914 496
5957 401 285
5958 1352 778
5959 362 71
5960 478 157
5961 1663 760
5962 1059 166
5963 1236 1062
5964 1463 320
5965 1656 673
5966 634 1839
5967 182 382
5968 1905 1747
5969 1302 1192
5970 344 1656
5971 1799 768
5972 1744 26
5973 788 1493
5974 500 1737
5975 1097 281
5976 1273 934
5977 860 303
5978 1036 804
5979 1792 859
5980 242 98
5981 231 1273
5982 1106 1093
5983 688 931
5984 1537 1468
5985 1133 1459
5986 288 1583
5987 639 920
5988 392 440
5989 170 1430
5990 1466 359
5991 1220 1063
5992 116 238
5993 1541 981
5994 1171 1233
5995 232 1797
5996 1352 1255
5997 713 300
5998 686 605
5999 1243 939
6000 1711 464
6001 1483 1617
6002 1482 1476
6003 1134 603
6004 271 1857
6005 14 137
6006 593 1770
6007 957 622
6008 440 1510
6009 643 1025
6010 1527 1411
6011 891 803
6012 718 794
6013 626 1061
6014 138 1918
6015 1736 427
6016 1755 252
6017 1631 197
6018 1406 1088
6019 120 1706
6020 1283 570
6021 1173 474
6022 579 73
6023 832 899
6024 653 1193
6025 297 1421
6026 1575 312
6027 36 1629
6028 1840 375
6029 1789 1748
6030 983 1228
6031 1104 1528
6032 1571 1316
6033 1333 811
6034 771 1398
6035 982 106
6036 1252 909
6037 307 1146
6038 768 1275
6039 744 885
6040 967 973
6041 531 1355
6042 830 636
6043 1412 153
6044 797 1366
6045 1276 1356
6046 881 301
6047 158 1444
6048 1834 1446
6049 283 927
6050 359 457
6051 1034 571
6052 1708 334
6053 428 1768
6054 154 478
6055 1930 1604
6056 843 817
6057 862 782
6058 1403 1030
6059 532 214
6060 307 228
6061 1592 1921
6062 400 1264
6063 470 1343
6064 1486 607
6065 1742 333
6066 1225 806
6067 1018 438
6068 1469 823
6069 354 332
6070 1820 518
6071 1105 996
6072 988 1072
6073 849 194
6074 380 1558
6075 634 1748
6076 1470 7
6077 1830 1584
6078 1911 1887
6079 1987 1071
6080 433 1684
6081 1777 88
6082 80 1993
6083 1716 1868
6084 175 169
6085 880 454
6086 586 296
6087 1312 1189
6088 845 1196
6089 682 1079
6090 1283 827
6091 848 321
6092 1667 1454
6093 1140 1037
6094 1528 1624
6095 195 301
6096 1085 1013
6097 1525 1240
6098 1772 1469
6099 1869 1969
6100 1407 412
6101 1021 1379
6102 1829 1020
6103 1854 1783
6104 598 1425
6105 568 182
6106 50 1905
6107 1383 669
6108 1222 941
6109 1041 1086
6110 1345 312
6111 951 1282
6112 1629 351
6113 1091 761
6114 1373 598
6115 1900 1670
6116 1356 1262
6117 1082 696
6118 1079 762
6119 1400 1689
6120 1269 1090
6121 500 1970
6122 1812 1713
6123 727 263
6124 193 1753
6125 840 841
6126 1700 418
6127 1555 1405
6128 469 1199
6129 1077 1101
6130 126 240
6131 1567 1710
6132 385 198
6133 1490 606
6134 1568 1494
6135 1535 478
6136 683 1097
6137 1791 1591
6138 996 730
6139 35 1923
6140 1757 979
6141 438 1199
6142 963 1071
6143 793 1286
6144 1601 1205
6145 883 1472
6146 996 1229
6147 1419 759
6148 1114 1130
6149 1154 956
6150 353 427
6151 403 1699
6152 1743 652
6153 1994 1459
6154 1132 853
6155 1455 978
6156 1618 780
6157 1762 1822
6158 549 1681
6159 1969 768
6160 1615 1334
6161 1888 516
6162 1943 1420
6163 1821 412
6164 1527 56
6165 1073 948
6166 723 1282
6167 139 1741
6168 1395 131
6169 1333 486
6170 674 627
6171 1205 1110
6172 697 1131
6173 1536 188
6174 1718 1575
6175 1885 643
6176 1199 571
6177 1321 968
6178 545 614
6179 300 1751
6180 373 227
6181 471 1716
6182 587 1547
6183 1404 190
6184 1121 947
6185 1781 601
6186 1185 1294
6187 963 1079
6188 1930 293
6189 308 1403
6190 232 1966
6191 703 328
6192 139 1647
6193 1546 338
6194 1491 1237
6195 418 1382
6196 1415 804
6197 1442 278
6198 126 1848
6199 1271 1459
6200 1000 1304
6201 1051 1034
6202 380 1971
6203 152 1656
6204 692 1287
6205 248 1657
6206 150 1760
6207 1536 325
6208 1098 905
6209 1867 1769
6210 1724 1094
6211 1354 1204
6212 395 1430
6213 354 1631
6214 1906 1806
6215 258 1997
6216 1997 178
6217 617 97
6218 1166 1310
6219 1428 1178
6220 775 834
6221 564 1478
6222 1746 6
6223 1049 721
6224 568 1639
6225 1957 1331
6226 1521 1332
6227 845 1631
6228 148 1664
6229 235 335
6230 1277 456
6231 636 1127
6232 1842 1585
6233 1934 1221
6234 1563 629
6235 1913 188
6236 1647 273
6237 844 606
6238 1250 695
6239 1837 113
6240 1883 1372
6241 994 914
6242 1441 1743
6243 1547 206
6244 1753 1130
6245 1415 1593
6246 115 1525
6247 542 1974
6248 1537 652
6249 1890 1789
6250 772 180
6251 736 667
6252 1057 1153
6253 1500 1875
6254 804 977
6255 1399 1299
6256 1358 957
