1014
0 325 264
1 357 136
2 346 229
3 225 82
4 101 115
5 331 89
6 17 108
7 249 136
8 129 216
9 0 172
10 315 264
11 121 175
12 72 230
13 279 220
14 201 104
15 235 396
16 230 99
17 293 66
18 345 358
19 60 26
20 187 23
21 193 49
22 81 399
23 62 347
24 184 49
25 215 284
26 104 375
27 243 76
28 179 294
29 366 148
30 220 67
31 349 39
32 173 270
33 133 157
34 236 119
35 254 189
36 240 264
37 164 112
38 302 340
39 213 51
40 217 176
41 66 283
42 369 266
43 116 148
44 97 332
45 244 367
46 46 265
47 82 322
48 226 91
49 214 121
50 271 24
51 215 306
52 168 51
53 191 256
54 140 73
55 399 357
56 369 293
57 13 342
58 171 371
59 169 303
60 265 321
61 156 253
62 220 231
63 132 353
64 354 90
65 211 63
66 73 285
67 399 0
68 20 13
69 399 245
70 119 64
71 399 166
72 304 106
73 41 339
74 29 215
75 164 20
76 265 206
77 329 270
78 129 392
79 112 390
80 287 238
81 354 131
82 219 75
83 399 172
84 63 165
85 43 209
86 144 232
87 382 283
88 139 399
89 165 128
90 217 252
91 8 221
92 54 399
93 0 224
94 192 90
95 141 260
96 376 174
97 272 103
98 156 231
99 336 386
100 197 126
101 392 122
102 43 398
103 368 279
104 26 332
105 203 278
106 272 86
107 235 370
108 332 141
109 0 70
110 123 213
111 370 368
112 375 171
113 166 206
114 90 369
115 180 354
116 192 161
117 224 283
118 202 210
119 189 145
120 234 222
121 397 120
122 388 302
123 287 108
124 328 59
125 377 359
126 197 327
127 52 170
128 256 54
129 176 301
130 307 257
131 181 237
132 224 268
133 344 282
134 371 399
135 0 243
136 249 0
137 264 347
138 163 180
139 190 46
140 370 144
141 190 333
142 359 66
143 355 302
144 35 314
145 377 371
146 310 296
147 354 233
148 262 339
149 211 364
150 3 108
151 166 293
152 393 170
153 399 217
154 173 366
155 78 136
156 167 259
157 169 90
158 78 22
159 109 58
160 377 358
161 123 20
162 148 328
163 321 141
164 165 30
165 29 167
166 324 270
167 221 58
168 361 262
169 330 178
170 175 255
171 77 168
172 39 252
173 219 107
174 376 380
175 160 279
176 204 267
177 399 89
178 220 92
179 398 399
180 194 265
181 34 103
182 96 128
183 15 106
184 388 122
185 193 273
186 136 324
187 295 137
188 141 322
189 226 11
190 374 267
191 384 323
192 326 241
193 178 229
194 342 20
195 208 202
196 205 350
197 208 24
198 378 111
199 69 316
200 324 76
201 173 39
202 234 364
203 220 396
204 207 223
205 0 133
206 293 102
207 362 86
208 33 230
209 265 133
210 374 108
211 93 15
212 64 156
213 247 365
214 78 45
215 88 200
216 168 186
217 12 234
218 276 68
219 298 0
220 132 107
221 320 55
222 130 360
223 210 295
224 368 141
225 157 232
226 220 311
227 160 335
228 395 210
229 141 277
230 206 40
231 8 201
232 9 327
233 189 235
234 395 178
235 96 27
236 0 107
237 167 396
238 224 278
239 148 136
240 199 262
241 144 246
242 326 138
243 266 399
244 227 133
245 188 385
246 25 399
247 152 212
248 221 44
249 145 369
250 154 116
251 399 99
252 0 364
253 200 137
254 180 142
255 397 214
256 369 136
257 59 267
258 146 197
259 31 334
260 202 369
261 172 168
262 0 48
263 135 268
264 171 165
265 130 160
266 21 338
267 212 27
268 21 226
269 234 252
270 380 391
271 352 142
272 318 102
273 180 380
274 219 383
275 100 375
276 188 365
277 251 32
278 343 72
279 187 354
280 372 327
281 70 215
282 351 264
283 69 270
284 215 152
285 72 181
286 190 129
287 5 309
288 56 160
289 185 134
290 97 291
291 162 323
292 170 5
293 137 343
294 98 399
295 138 87
296 260 128
297 154 130
298 306 242
299 73 275
300 170 71
301 0 0
302 334 7
303 168 378
304 286 184
305 107 373
306 212 249
307 263 36
308 387 256
309 28 256
310 333 365
311 250 292
312 119 281
313 399 25
314 3 308
315 378 238
316 361 249
317 206 183
318 144 379
319 223 13
320 78 66
321 183 260
322 332 257
323 192 59
324 227 111
325 161 236
326 177 291
327 146 317
328 229 50
329 290 174
330 14 332
331 155 327
332 168 8
333 0 306
334 201 347
335 287 285
336 18 308
337 261 86
338 197 215
339 339 120
340 80 298
341 25 324
342 273 165
343 174 399
344 265 303
345 236 96
346 34 166
347 352 293
348 214 384
349 259 82
350 199 45
351 28 399
352 159 37
353 347 161
354 224 153
355 362 230
356 310 334
357 129 69
358 103 156
359 78 337
360 193 196
361 136 211
362 62 16
363 374 98
364 306 93
365 30 73
366 296 210
367 194 377
368 196 43
369 336 370
370 212 393
371 243 307
372 314 152
373 313 62
374 180 212
375 45 324
376 235 34
377 386 216
378 117 302
379 227 280
380 352 312
381 24 380
382 289 368
383 307 111
384 156 52
385 91 107
386 358 263
387 18 328
388 181 256
389 147 166
390 105 0
391 78 53
392 396 19
393 383 292
394 331 313
395 303 237
396 104 124
397 255 88
398 134 89
399 117 89
400 101 302
401 151 260
402 141 255
403 319 230
404 158 288
405 342 296
406 157 122
407 173 339
408 224 221
409 113 352
410 385 383
411 376 169
412 316 392
413 100 0
414 214 137
415 269 49
416 30 161
417 176 396
418 394 224
419 83 43
420 371 218
421 312 207
422 293 399
423 298 56
424 202 241
425 3 341
426 21 211
427 307 33
428 282 2
429 221 230
430 305 0
431 303 115
432 349 365
433 2 349
434 399 210
435 41 198
436 121 216
437 290 11
438 361 175
439 124 41
440 146 348
441 129 238
442 169 249
443 271 396
444 162 100
445 323 16
446 322 239
447 313 23
448 182 336
449 371 249
450 302 305
451 268 293
452 368 375
453 186 253
454 262 286
455 173 183
456 360 222
457 394 390
458 216 316
459 143 394
460 107 130
461 320 250
462 306 246
463 290 341
464 0 160
465 88 0
466 0 36
467 399 58
468 211 283
469 19 399
470 399 336
471 126 359
472 261 399
473 389 374
474 121 388
475 38 179
476 73 30
477 181 367
478 149 0
479 381 110
480 70 350
481 386 146
482 352 67
483 365 49
484 124 328
485 192 187
486 268 254
487 58 219
488 165 15
489 360 354
490 264 108
491 7 204
492 263 287
493 157 399
494 310 46
495 1 200
496 241 239
497 295 130
498 112 101
499 395 333
500 336 1
501 136 51
502 175 98
503 377 52
504 0 389
505 106 361
506 138 147
507 189 179
508 298 69
509 10 0
510 62 215
511 141 388
512 342 281
513 355 27
514 263 27
515 123 122
516 373 232
517 162 251
518 0 321
519 282 83
520 168 233
521 4 85
522 115 144
523 141 252
524 12 382
525 362 166
526 28 329
527 130 225
528 16 124
529 187 323
530 368 302
531 4 135
532 107 221
533 154 97
534 18 168
535 352 151
536 349 253
537 202 29
538 0 208
539 399 347
540 47 395
541 82 91
542 245 374
543 288 54
544 296 221
545 138 240
546 399 34
547 397 47
548 326 389
549 395 128
550 211 36
551 122 336
552 173 211
553 231 126
554 98 252
555 283 237
556 34 361
557 350 116
558 113 6
559 376 297
560 190 203
561 208 0
562 150 170
563 394 90
564 138 247
565 0 142
566 352 212
567 178 226
568 251 174
569 189 140
570 349 305
571 142 210
572 242 283
573 37 218
574 320 130
575 235 287
576 101 78
577 32 234
578 243 70
579 113 227
580 186 300
581 15 188
582 386 29
583 54 17
584 280 127
585 48 185
586 326 392
587 221 0
588 216 115
589 378 17
590 7 225
591 212 61
592 124 393
593 378 280
594 263 63
595 318 399
596 288 81
597 139 176
598 322 121
599 23 176
600 199 154
601 317 83
602 239 289
603 232 239
604 350 395
605 385 70
606 277 242
607 87 52
608 314 139
609 54 157
610 207 133
611 165 70
612 145 399
613 343 110
614 332 250
615 329 68
616 65 281
617 245 33
618 290 334
619 367 345
620 228 55
621 206 244
622 335 399
623 397 263
624 129 316
625 103 271
626 233 130
627 257 0
628 363 226
629 327 117
630 172 96
631 235 296
632 341 85
633 0 223
634 173 142
635 31 383
636 168 268
637 219 133
638 352 168
639 341 153
640 349 199
641 222 65
642 303 48
643 319 383
644 0 287
645 384 399
646 172 260
647 393 7
648 379 218
649 38 385
650 143 132
651 114 222
652 134 140
653 223 380
654 81 393
655 47 362
656 134 149
657 301 133
658 220 299
659 51 9
660 308 163
661 276 32
662 145 157
663 221 364
664 153 157
665 193 396
666 331 329
667 316 361
668 175 311
669 343 342
670 350 297
671 262 213
672 112 365
673 175 184
674 21 263
675 144 172
676 158 138
677 399 307
678 187 42
679 121 399
680 102 335
681 11 250
682 255 1
683 316 399
684 263 88
685 332 49
686 169 336
687 322 147
688 344 76
689 313 341
690 59 316
691 46 390
692 155 303
693 165 138
694 84 369
695 128 363
696 56 368
697 264 352
698 186 311
699 310 348
700 321 198
701 359 271
702 290 120
703 372 147
704 228 46
705 118 227
706 20 365
707 200 73
708 261 22
709 357 367
710 222 141
711 67 262
712 376 190
713 1 299
714 107 211
715 169 160
716 306 378
717 161 368
718 223 293
719 5 208
720 250 67
721 203 85
722 87 399
723 95 181
724 149 132
725 223 302
726 346 180
727 258 78
728 115 207
729 17 311
730 133 237
731 399 267
732 287 340
733 0 122
734 326 0
735 15 156
736 168 84
737 5 15
738 359 54
739 161 284
740 69 34
741 132 327
742 281 239
743 297 237
744 164 47
745 329 181
746 173 1
747 270 307
748 399 75
749 100 61
750 158 195
751 160 226
752 322 217
753 125 0
754 32 277
755 366 193
756 162 55
757 0 195
758 195 100
759 9 399
760 191 374
761 95 300
762 201 258
763 72 276
764 15 76
765 44 191
766 180 175
767 220 131
768 140 350
769 389 286
770 378 29
771 399 334
772 80 94
773 380 258
774 41 48
775 6 236
776 399 248
777 252 41
778 246 292
779 340 256
780 160 212
781 399 106
782 239 79
783 382 360
784 182 161
785 204 71
786 321 338
787 349 249
788 160 1
789 357 293
790 79 304
791 119 106
792 83 124
793 43 235
794 302 86
795 274 33
796 0 254
797 336 371
798 179 72
799 192 275
800 241 324
801 298 359
802 41 393
803 399 233
804 171 136
805 61 388
806 254 371
807 306 385
808 399 115
809 259 377
810 158 272
811 337 149
812 97 192
813 41 159
814 124 163
815 85 40
816 236 76
817 282 236
818 191 371
819 55 123
820 340 52
821 177 244
822 0 115
823 299 217
824 235 333
825 122 341
826 3 333
827 361 70
828 51 350
829 88 245
830 396 53
831 265 10
832 187 26
833 155 386
834 341 359
835 39 33
836 399 114
837 256 109
838 159 61
839 361 168
840 192 216
841 103 85
842 247 349
843 364 119
844 246 330
845 179 340
846 10 314
847 247 283
848 396 83
849 67 355
850 126 194
851 203 294
852 11 243
853 399 399
854 171 329
855 384 142
856 83 21
857 6 65
858 84 378
859 182 86
860 161 89
861 72 158
862 34 399
863 325 386
864 256 219
865 0 205
866 0 3
867 0 18
868 268 79
869 351 41
870 224 143
871 253 396
872 21 386
873 88 25
874 66 363
875 212 102
876 16 43
877 7 59
878 398 235
879 79 310
880 328 170
881 201 399
882 226 379
883 300 47
884 241 105
885 171 118
886 399 379
887 321 34
888 302 177
889 143 209
890 197 56
891 156 203
892 344 208
893 135 291
894 197 334
895 304 251
896 121 101
897 383 131
898 8 230
899 146 121
900 374 285
901 142 75
902 231 343
903 299 265
904 370 319
905 171 351
906 180 321
907 215 3
908 244 317
909 131 336
910 35 110
911 364 387
912 155 62
913 28 223
914 297 164
915 189 267
916 142 136
917 65 315
918 244 56
919 394 138
920 284 21
921 124 96
922 0 315
923 379 326
924 14 73
925 329 277
926 117 233
927 164 392
928 12 114
929 61 68
930 70 175
931 189 399
932 280 95
933 139 359
934 184 65
935 155 343
936 45 317
937 249 399
938 148 118
939 256 0
940 315 16
941 311 106
942 337 184
943 228 245
944 211 260
945 305 172
946 352 83
947 272 341
948 339 237
949 261 344
950 282 227
951 144 124
952 280 46
953 92 389
954 18 130
955 110 177
956 0 196
957 84 273
958 195 49
959 10 174
960 66 370
961 190 260
962 245 112
963 99 164
964 134 382
965 287 142
966 137 223
967 112 243
968 145 240
969 58 142
970 258 367
971 107 223
972 168 318
973 293 299
974 43 57
975 275 52
976 33 288
977 54 55
978 399 323
979 150 37
980 56 154
981 167 202
982 397 163
983 99 345
984 399 376
985 269 63
986 113 214
987 144 199
988 182 395
989 308 154
990 160 266
991 296 119
992 127 100
993 346 18
994 21 202
995 153 199
996 230 367
997 384 366
998 2 362
999 315 123
1000 214 23
1001 288 38
1002 115 247
1003 182 82
1004 291 104
1005 299 273
1006 299 249
1007 317 146
1008 55 143
1009 54 295
1010 118 266
1011 280 41
1012 359 3
1013 337 228
