1455
0
6674
5162
21043
1486
15294
1635
3426
28246
42212
1799
48545
2948
22151
14447
17496
5374
2968
73120
875
38159
25606
5869
13161
5096
47765
14635
5564
8019
4488
12427
29639
21426
28792
9022
15746
19021
41979
22265
17038
6898
47457
2313
35588
7332
2428
14976
3678
342
13027
24588
33828
2565
21852
10833
7030
74894
50421
11971
9336
30629
8535
26101
47873
20001
6244
1322
5726
26468
9174
57615
14569
8051
15749
19086
20487
26427
52587
44622
10733
308
25569
16084
29591
15364
3085
27437
594
11331
5108
4886
2022
24236
8080
160
2154
34516
10828
825
25311
5880
35392
1653
35143
54308
7933
1621
1594
37919
10717
2703
4824
12447
9081
13578
5399
980
6825
26867
9931
1350
50182
959
15989
46283
11001
14728
21893
8606
46997
7730
19198
8419
3069
17526
10465
7917
5741
24081
16455
5019
26448
11719
1363
19362
6757
1840
30909
5707
16264
1984
6399
15133
47689
72595
7539
3141
597
1241
6154
13994
21573
6786
9820
9926
1962
1037
1245
8631
5719
2086
25367
2544
5685
15603
19034
4419
54029
26309
7536
19323
23833
6514
16259
12594
7466
6864
26076
9762
6138
4793
5267
31123
17135
834
131
8035
11349
40598
3198
12247
30181
6937
8431
6200
22656
1413
50710
21865
13206
6909
4978
12342
16910
4529
4607
17072
1208
5958
901
25251
5013
12717
13637
459
13425
22752
23989
22497
18182
39076
3377
40273
17428
551
4243
16582
13919
8952
11241
10501
1745
21610
2555
39561
2372
28198
56701
40478
4019
324
22797
5357
20768
2946
2449
33060
20367
4590
3764
13935
16946
3055
14719
13846
15978
61710
4786
39462
39064
51052
7719
765
3356
16802
7672
10439
11364
2364
21153
40085
4114
26912
5975
48024
48128
1705
12171
13158
10035
16384
629
2986
27734
5786
14189
14659
4035
18284
1967
9325
1159
40801
2015
13381
23948
7461
3334
62812
23108
8433
15980
25995
25845
25760
15340
6859
7031
27955
1954
9967
9989
5257
7275
15821
5083
30898
10947
9465
7405
18510
1691
15844
26199
24810
32709
70436
24742
1231
1506
475
1590
56223
33042
11099
382
7065
28451
7350
3363
37901
22193
16579
12335
22789
10903
30572
45898
20766
1045
5895
33626
33124
3932
6971
4652
20251
26317
4965
53492
35477
21004
24162
14991
34200
34480
13848
290
41991
9806
3761
57687
11259
16859
8097
23983
23051
5557
18413
9308
2857
52727
9129
3344
9234
5807
40358
26536
8493
5239
2533
1566
11400
12973
3658
8887
8088
6993
449
4071
769
24619
12022
3640
3902
6329
8930
5953
13063
1269
46059
16597
34688
7196
22115
10655
38077
19759
27144
1163
11039
4624
38329
11606
3345
2831
3894
314
1904
7825
31014
1848
27504
26098
20621
1628
12094
12985
2707
18780
34640
11089
22291
14404
30478
24504
14219
27326
29702
16341
14879
8285
3477
3600
2012
6607
7543
22335
2598
8078
22674
15458
1675
7733
16474
11671
11807
4108
43448
2536
22188
31793
12660
16059
29617
12023
26701
15281
4712
29137
41235
8690
1495
21379
44576
11824
809
2076
7179
4490
16355
12112
31424
7649
25953
13560
33865
7166
27207
7399
33700
70859
3577
4333
17994
15774
11910
3686
9734
10862
14144
8996
15165
660
7507
16275
9105
4846
8808
11452
30374
11041
24807
60170
24642
9172
4145
41720
8486
55631
5818
542
7669
16252
45167
11797
8899
11867
13725
4447
1700
38507
9599
6010
22996
1308
16093
416
18692
10535
58336
1931
14060
2698
72716
2095
7482
16271
1178
13758
14748
19669
16503
8747
4629
17454
7626
4636
10125
18144
39572
11990
3965
11020
3123
37948
6948
20441
5070
18575
22382
7048
4156
2499
7483
5763
7365
47971
887
38333
20451
21284
15587
18465
11491
14372
15895
30196
17075
8046
25902
6656
13620
3264
5622
4240
16256
21373
29717
313
1768
44679
15623
5301
1573
1436
3933
13678
20321
5542
43670
11862
803
4446
5874
14729
10998
760
1597
26541
6718
4521
1435
8895
20492
34972
1652
44651
21181
1244
5588
3983
17737
52752
4794
10606
1382
10400
40406
14950
4947
9463
8349
3959
3673
9602
6197
4915
37631
26003
56276
933
6846
20686
2657
4347
27198
8933
11470
10038
20375
17951
28273
2488
22133
15407
5105
228
410
28890
30930
4302
16629
14608
10762
2556
9431
10751
6605
3290
7665
19714
21790
18642
121
14956
58331
76123
47564
3724
4279
6432
46009
3878
16376
5043
13187
11952
6100
18192
8642
2037
68792
53875
4936
31950
1031
11923
12625
9392
31892
15291
3498
20749
13522
32896
31593
4649
4182
26438
10091
35762
11651
8836
1184
24548
5350
26444
36003
18294
42109
49516
16961
1938
1514
34859
21477
20088
25342
1690
7334
2310
30702
18969
43160
30800
22295
20270
9418
6475
12674
11772
1932
11409
6526
26663
11523
34754
9797
11299
20921
2745
24859
13888
16537
7165
478
24675
6904
2168
52586
3834
3229
467
27173
4944
18235
20803
5479
6498
17949
2146
8770
12833
511
2486
10884
14048
7254
22431
1255
3775
132
9841
6576
20317
3001
10814
2300
955
3910
2074
8501
4627
2348
22638
24881
5505
2524
46941
4574
6464
141
68933
7199
1651
1575
2620
9671
44547
3962
60119
2487
19583
31657
6341
15916
39669
2697
45929
1107
4662
27534
11320
10626
19735
6373
5454
23513
2450
13447
1520
16017
35777
13932
19685
15822
63901
10113
8801
32741
28455
18215
12450
3679
52543
4276
12513
36492
5551
29495
1094
16834
1582
4660
25827
32612
36885
6834
13057
22329
13126
2164
1780
3815
5230
60412
2471
54712
9509
3883
40211
17672
24567
7096
25564
12510
13950
19338
5151
46816
57082
3214
6235
26737
2990
6372
8798
351
5014
424
1282
43300
790
5046
32052
6645
26093
29182
3791
13621
14363
31633
7548
3570
9123
7589
4413
6140
20806
4376
32762
13386
14893
17034
12163
10976
5629
37897
9048
15325
42381
8048
13734
2516
17687
40193
43538
3263
10325
6800
16274
27823
8175
2133
27642
13141
8469
3107
652
4878
5643
20524
2971
6127
3182
1305
4669
24901
2646
3161
14903
40297
16685
14607
3465
13006
8320
72807
54252
44299
30592
5635
28803
15878
65618
20977
10880
6126
14576
1508
27292
21246
27417
15642
289
33628
31919
23913
9572
39875
14698
32555
10291
16981
4470
4273
5281
29092
8234
386
36119
6260
1992
12472
537
2136
4205
30464
34106
25053
570
20753
32925
11701
4010
859
35730
17240
6611
28856
37533
13154
1726
29357
2118
1483
9982
60241
18682
32616
35758
6267
21041
21392
5879
4613
9593
5881
9730
17868
28470
841
1293
10104
9880
6510
41456
38359
18205
236
19154
12624
9178
25617
13514
10761
14960
566
3788
15105
8043
5660
62381
20220
1682
4614
26998
7926
8298
14304
6916
32443
10793
21076
19299
16218
13842
6928
49747
23415
27050
27944
60765
1324
5690
3350
4155
6198
2752
11219
34473
1955
4854
20917
14338
22637
48724
574
36889
25147
21380
39449
10704
4762
29556
3661
6245
6070
18673
28460
13707
15391
30568
607
42771
4681
29902
956
39588
8858
41302
2344
2961
19155
40631
35700
43854
34872
1126
3131
20658
15850
6651
15871
38111
10395
7144
485
4472
11285
24
5602
54739
503
19162
3428
13914
3469
13469
7617
10463
38059
18200
1119
20460
10521
33896
43329
35913
4856
9406
13337
43034
11417
11373
10404
30735
5737
29108
11771
16612
26183
3409
19178
46730
1549
41633
12541
12375
45085
460
1007
18992
17945
5844
18685
54974
5199
17413
28034
15396
37264
921
17936
10946
33870
34820
3891
19856
14943
28931
20946
7934
5221
33110
17265
3325
9
14540
5102
26713
6849
8641
5315
23694
16828
7502
1736
8656
29621
27240
11659
2374
21439
23065
27965
24111
24972
1772
17473
4780
6681
2592
22240
858
23119
4437
14171
6588
24204
24090
19961
39598
1874
17572
5567
23556
884
28098
3853
1708
8685
29281
25080
4256
29135
15469
4974
8687
3448
18133
23766
3132
7564
12238
14288
2096
15549
5768
11696
2150
963
12590
24989
47022
23897
6641
14737
7415
14966
726
229
55606
5196
23167
4079
48654
492
47981
1845
6288
13262
65394
32302
6103
6499
10021
9198
25359
33032
5836
3553
22987
16640
145
19634
9029
32081
13233
8368
26602
2262
2900
28337
4110
44138
23460
29836
22916
5252
4478
14693
3064
36698
18953
4532
53425
16147
62077
5082
34413
25229
41273
6408
53279
73008
3532
7522
2116
40407
1206
9199
21007
58718
37266
29240
4855
15374
15668
6478
18782
16478
17678
31679
16289
69040
13487
19781
19912
4740
22306
7640
22063
22923
3529
15999
47053
22099
10557
53948
9014
747
20136
40183
113
6388
4950
12151
2369
32907
4385
12840
9471
6165
12268
22323
44189
11304
11386
20060
4435
20605
22746
15400
25607
20664
21978
10503
44346
1895
33729
479
4900
63438
6410
49402
4789
30329
41762
19870
35628
53534
1033
126
5372
22585
24313
2089
140
7613
11981
11000
16726
28622
18484
3563
13234
14781
5157
49
3987
401
25653
40905