675
1
28
120
285 726
250 452
92
31 108
23
567
596
251
109
820
181
129 402
313
65 409
320
102 894
272
492 609
499
723
627
203
750 793
732
283
746
353 490
105 995
44 169
40 183
216
338 407
913
638
459 937
297 832
179
165 735
137 447
535 866
658
365 571
335 977
55 341
281
228
71 511
11
298
19
391
241
329
347
98
140
46 204
630 838
157 620
756
423
38
208
645
35
358
233
253 455
134 438
173 817
18 51
12 27
32 118
610
224 327
484 566
131 413
305
76 615
205
52 289
121
201
724
189
198 982
86 744
82 619
436
196
100
74
226 368
80 581
188 885
49 249
115 150
144 475
252 454
36 114
559
302
367
997
133 415
217
147 513
565
5
652
290 808
116 153
729
812
629
72 543
57 344
385 643
66 469
85 721
350 414
588
373 583
111
899
239
26 91
34
577 585
264 494
113
287
59 372
606
13
485
745
451
406
210
245
148
464 947
480
222
514
869
355 518
815
495 622
580 595
48
171 751
61 392
53 262
84 661
90
314
4
167
799
265
70
154
483
64 408
87
117 155
601 758
375 612
418 825
607 774
390 662
119 195
104 861
127
244 422
907
644
309
536
497
306 858
707
462
81
450
79 553
432 853
146 481
158 665
93 795
99 837
550
125
951
570
7
286
78
442
172 813
887
126 256
229
576
3
387
138 458
182 873
97 814
682
124 243
416
332
778
277
254
718
10 88
421
151 522
628 834
428 862
637 996
738
206 993
403 760
821
676 816
29
295 800
73
743
68 471
9
22
775
441
336 371
130 401
465 953
39
631 876
359 525
101 847
168 740
597
21
860
83
37 162
852
89
300
393
225
836
706
888
702
348
439
103
498 664
0 8
62
600 753
202
468
160 670
321 912
214 236
381
848
174
704
279
145
768
175 846
939
273 703
234 383
963
779
545 943
529 879
238 410
63
505
176
614
67 470
190 929
185 840
60
197
654
275
533
728
504
166
296
479
50
156 524
603 769
260
24
761
798 910
237 394
75
616
755
184
30 94
288 765
889
316
736
211
905
463
457
96 797
668 759
472
261
924
219
278
299
128 386
633 949
361
291 770
532
149
546
404
370
123 200
632 930
655
142
178
666 710
509
557
324 956
364
473
360
325
352
143 461
58 339
389
41
433
605
964
591
139
802
575
970
659 967
508
539
382 625
520
867
328
671
247
255
855
25
602
220
106
14
476 534
280 716
199 991
17
136
474 528
209
777
186
276
42
284
334
356
933
159
578 590
530
163 714
400
232
54 263
369
6 15
554
337 388
807
574
266 544
292
648
962
552 973
435
268
516
47 242
556
923
323
135
16
213
77
762 806
587 657
141
994
193
636 965
936
257 482
844
823
460
784
161 686
517 805
294
901 909
785
43
246 424
191 960
926
754
112
132
311
330 988
787
177
426 835
568 579
555
293
110
417 801
708
886
803
312
357
317
486
170
584
598 684
767
489
152 617
496 624
510 695
378
301
488
95 796
634 957
502
623
397
950
908
712
431
549
412
56
593
223 318
303
187
331 345
477
33
826
493
551
363 562
992
641
308
730
478 547
45
405 794
227 376
319
258
688
599 715
538
122
804
434 872
569
515
164
561
647
500
906
349
180 856
942
541
235
519
720 934
420
717 990
811
396
411
269 674
342
362
425
194
467
449 915
883 928
987
621
656
446
315
212
107
340
604
663
870
531
230
611
741
333
430
507
207 231
322 932
398 697
851
379
679
819
366 572
2 20
896
310 881
680
613
727
594
830
267
692
274
377
731 781
959
526
240
453
843
466 984
343 443
399 705
742
640
719
440
747
678
693
849
218 304
248 444
859
687
282
456
694
351
491
626
893
429
788 897
215 270
271 701
677
427 841
437 903
783 868
921
809
589 711
419 833
831
646
660 709
975
542 920
739
487 573
771
560
667
608 810
326
757
752 824
501 681
850
395 675
966
650
786
374
672
733
772
874
669
865
827
512 737
592
346
540
791
839
790
690
945 946
722
978
649
725
506
259 537
548 952
875
691