EDDB LBSF 1
EDDB UUEE 1
EDDS EGLL 1
EDDS LTBJ 1
EFHK EBBR 1
EFHK EGLL 1
EGAC EGLL 1
EGCC EGLL 1
EGCC LTAI 1
EGKK EGAA 1
EGKK EGAA 1
EGKK LBSF 1
EGPH EGKK 1
EIDW EHAM 1
EKCH EGKK 1
EKCH EGKK 1
EKCH EGLL 1
EPWA LOWW 1
EPWA UUEE 1
ESSA EHAM 1
LBSF EGKK 1
LEBB EBBR 1
LEBL EGLL 1
LEBL EHAM 1
LEBL EHAM 1
LEMD EGLL 1
LEMD EGLL 1
LEMD EGLL 1
LEMD LSGG 1
LEMG ESSA 1
LEVC EGKK 1
LEVC GMMN 1
LIRF EGKK 1
LIRF EHAM 1
LIRF EKCH 1
LIRF LEMD 1
LIRF UUEE 1
LLBG EGGW 1
LLBG EGGW 1
LLBG EGLL 1
LRCL LEMD 1
LSGG EGLL 1
LSZH UUEE 1
OLBA EGLL 1
URKK UUEE 1
URKK UUEE 1
URSS UUEE 1
UUEE EHAM 1
UUEE LBSF 1
UUEE URSS 1
